The system is: Linux - 5.4.0-70-generic - x86_64
Compiling the C compiler identification source file "CMakeCCompilerId.c" succeeded.
Compiler: /opt/intel/compilers_and_libraries_2019.4.243/linux/bin/intel64/icc 
Build flags: 
Id flags:  

The output was:
0


Compilation of the C compiler identification source "CMakeCCompilerId.c" produced "a.out"

The C compiler identification is Intel, found in "/home/yshen/Software/Mine/diabatz/tools/gh/v0/CMakeFiles/3.10.2/CompilerIdC/a.out"

Compiling the CXX compiler identification source file "CMakeCXXCompilerId.cpp" succeeded.
Compiler: /opt/intel/compilers_and_libraries_2019.4.243/linux/bin/intel64/icpc 
Build flags: 
Id flags:  

The output was:
0


Compilation of the CXX compiler identification source "CMakeCXXCompilerId.cpp" produced "a.out"

The CXX compiler identification is Intel, found in "/home/yshen/Software/Mine/diabatz/tools/gh/v0/CMakeFiles/3.10.2/CompilerIdCXX/a.out"

Determining if the C compiler works passed with the following output:
Change Dir: /home/yshen/Software/Mine/diabatz/tools/gh/v0/CMakeFiles/CMakeTmp

Run Build Command:"/usr/bin/make" "cmTC_dafd7/fast"
/usr/bin/make -f CMakeFiles/cmTC_dafd7.dir/build.make CMakeFiles/cmTC_dafd7.dir/build
make[1]: Entering directory '/home/yshen/Software/Mine/diabatz/tools/gh/v0/CMakeFiles/CMakeTmp'
Building C object CMakeFiles/cmTC_dafd7.dir/testCCompiler.c.o
/opt/intel/compilers_and_libraries_2019.4.243/linux/bin/intel64/icc    -o CMakeFiles/cmTC_dafd7.dir/testCCompiler.c.o   -c /home/yshen/Software/Mine/diabatz/tools/gh/v0/CMakeFiles/CMakeTmp/testCCompiler.c
Linking C executable cmTC_dafd7
/usr/bin/cmake -E cmake_link_script CMakeFiles/cmTC_dafd7.dir/link.txt --verbose=1
/opt/intel/compilers_and_libraries_2019.4.243/linux/bin/intel64/icc      -rdynamic CMakeFiles/cmTC_dafd7.dir/testCCompiler.c.o  -o cmTC_dafd7 
make[1]: Leaving directory '/home/yshen/Software/Mine/diabatz/tools/gh/v0/CMakeFiles/CMakeTmp'


Detecting C compiler ABI info compiled with the following output:
Change Dir: /home/yshen/Software/Mine/diabatz/tools/gh/v0/CMakeFiles/CMakeTmp

Run Build Command:"/usr/bin/make" "cmTC_93476/fast"
/usr/bin/make -f CMakeFiles/cmTC_93476.dir/build.make CMakeFiles/cmTC_93476.dir/build
make[1]: Entering directory '/home/yshen/Software/Mine/diabatz/tools/gh/v0/CMakeFiles/CMakeTmp'
Building C object CMakeFiles/cmTC_93476.dir/CMakeCCompilerABI.c.o
/opt/intel/compilers_and_libraries_2019.4.243/linux/bin/intel64/icc    -o CMakeFiles/cmTC_93476.dir/CMakeCCompilerABI.c.o   -c /usr/share/cmake-3.10/Modules/CMakeCCompilerABI.c
Linking C executable cmTC_93476
/usr/bin/cmake -E cmake_link_script CMakeFiles/cmTC_93476.dir/link.txt --verbose=1
/opt/intel/compilers_and_libraries_2019.4.243/linux/bin/intel64/icc     -v -rdynamic CMakeFiles/cmTC_93476.dir/CMakeCCompilerABI.c.o  -o cmTC_93476 
icc version 19.0.4.243 (gcc version 7.5.0 compatibility)
/opt/intel/compilers_and_libraries_2019.4.243/linux/bin/intel64/mcpcom    -mGLOB_em64t=TRUE -mP1OPT_version=19.0-intel64 -mGLOB_diag_file=CMakeFiles/cmTC_93476.dir/CMakeCCompilerABI.c.diag -mGLOB_long_size_64 -mGLOB_routine_pointer_size_64 -mP1OPT_print_version=FALSE -mCG_use_gas_got_workaround=F -mP2OPT_align_option_used=TRUE -mGLOB_gcc_version=750 "-mGLOB_options_string=-v -rdynamic -o cmTC_93476" -mGLOB_cxx_limited_range=FALSE -mCG_extend_parms=FALSE -mGLOB_compiler_bin_directory=/opt/intel/compilers_and_libraries_2019.4.243/linux/bin/intel64 -mGLOB_as_output_backup_file_name=/tmp/iccEum8mlas_.s -mGLOB_dashboard_use_source_name -mIPOPT_activate -mGLOB_product_id_code=0x22006d93 -mP3OPT_use_mspp_call_convention -mP2OPT_subs_out_of_bound=FALSE -mP2OPT_disam_type_based_disam=2 -mP2OPT_disam_assume_ansi_c -mP2OPT_checked_disam_ansi_alias=TRUE -mGLOB_ansi_alias -mPGOPTI_value_profile_use=T -mGLOB_opt_report_use_source_name -mP2OPT_il0_array_sections=TRUE -mGLOB_offload_mode=1 -mP2OPT_offload_unique_var_string=icc1349873378g8URot -mP2OPT_hlo -mP2OPT_hpo_rtt_control=0 -mIPOPT_args_in_regs=0 -mP2OPT_disam_assume_nonstd_intent_in=FALSE -mGLOB_imf_mapping_library=/opt/intel/compilers_and_libraries_2019.4.243/linux/bin/intel64/libiml_attr.so -mPGOPTI_gen_threadsafe_level=0 -mIPOPT_link -mIPOPT_ipo_activate -mIPOPT_mo_activate -mIPOPT_source_files_list=/tmp/iccslisCWO4I7 -mIPOPT_mo_global_data -mIPOPT_link_script_file=/tmp/iccscriptHVv6xe "-mIPOPT_cmdline_link="/usr/lib/gcc/x86_64-linux-gnu/7/../../../x86_64-linux-gnu/Scrt1.o" "/usr/lib/gcc/x86_64-linux-gnu/7/../../../x86_64-linux-gnu/crti.o" "/usr/lib/gcc/x86_64-linux-gnu/7/crtbeginS.o" "-export-dynamic" "--eh-frame-hdr" "--build-id" "-dynamic-linker" "/lib64/ld-linux-x86-64.so.2" "-m" "elf_x86_64" "-o" "cmTC_93476" "-L/home/yshen/Library/Fortran-Library/lib" "-L/opt/intel/compilers_and_libraries_2019.4.243/linux/mpi/intel64/libfabric/lib" "-L/opt/intel/compilers_and_libraries_2019.4.243/linux/ipp/lib/intel64" "-L/opt/intel/compilers_and_libraries_2019.4.243/linux/compiler/lib/intel64_lin" "-L/opt/intel/compilers_and_libraries_2019.4.243/linux/mkl/lib/intel64_lin" "-L/opt/intel/compilers_and_libraries_2019.4.243/linux/tbb/lib/intel64/gcc4.7" "-L/opt/intel/compilers_and_libraries_2019.4.243/linux/tbb/lib/intel64/gcc4.7" "-L/opt/intel/compilers_and_libraries_2019.4.243/linux/daal/lib/intel64_lin" "-L/opt/intel/compilers_and_libraries_2019.4.243/linux/daal/../tbb/lib/intel64_lin/gcc4.4" "-L/opt/intel/compilers_and_libraries_2019.4.243/linux/compiler/lib/intel64_lin" "-L/home/yshen/Library/Fortran-Library/lib/../lib/" "-L/opt/intel/compilers_and_libraries_2019.4.243/linux/mpi/intel64/libfabric/lib/../lib/" "-L/usr/lib/gcc/x86_64-linux-gnu/7/" "-L/usr/lib/gcc/x86_64-linux-gnu/7/../../../x86_64-linux-gnu/" "-L/usr/lib/gcc/x86_64-linux-gnu/7/../../../../lib/" "-L/lib/x86_64-linux-gnu/" "-L/lib/../lib64" "-L/lib/../lib/" "-L/usr/lib/x86_64-linux-gnu/" "-L/usr/lib/../lib/" "-L/home/yshen/Library/Fortran-Library/lib/" "-L/opt/intel/compilers_and_libraries_2019.4.243/linux/mpi/intel64/libfabric/lib/" "-L/opt/intel/compilers_and_libraries_2019.4.243/linux/ipp/lib/intel64/" "-L/opt/intel/compilers_and_libraries_2019.4.243/linux/compiler/lib/intel64_lin/" "-L/opt/intel/compilers_and_libraries_2019.4.243/linux/mkl/lib/intel64_lin/" "-L/opt/intel/compilers_and_libraries_2019.4.243/linux/tbb/lib/intel64/gcc4.7/" "-L/opt/intel/compilers_and_libraries_2019.4.243/linux/daal/lib/intel64_lin/" "-L/opt/intel/compilers_and_libraries_2019.4.243/linux/daal/../tbb/lib/intel64_lin/gcc4.4/" "-L/usr/lib/gcc/x86_64-linux-gnu/7/../../../" "-L/lib64" "-L/lib/" "-L/usr/lib" "-L/usr/lib/i386-linux-gnu" "CMakeFiles/cmTC_93476.dir/CMakeCCompilerABI.c.o" "-Bdynamic" "-Bstatic" "-limf" "-lsvml" "-lirng" "-Bdynamic" "-lm" "-Bstatic" "-lipgo" "-ldecimal" "--as-needed" "-Bdynamic" "-lcilkrts" "-lstdc++" "--no-as-needed" "-lgcc" "-lgcc_s" "-Bstatic" "-lirc" "-lsvml" "-Bdynamic" "-lc" "-lgcc" "-lgcc_s" "-Bstatic" "-lirc_s" "-Bdynamic" "-ldl" "-lc" "/usr/lib/gcc/x86_64-linux-gnu/7/crtendS.o" "/usr/lib/gcc/x86_64-linux-gnu/7/../../../x86_64-linux-gnu/crtn.o"" -mIPOPT_il_in_obj -mIPOPT_ipo_activate_warn=FALSE -mIPOPT_obj_output_file_name=/tmp/ipo_iccEqvWMs.o -mIPOPT_whole_archive_fixup_file_name=/tmp/iccwarchPWZq1y -mGLOB_linker_version=2.30 -mGLOB_linker=ld -mGLOB_driver_tempfile_name=/tmp/icctempfile5cTHQF -mP3OPT_asm_target=P3OPT_ASM_TARGET_GAS -mGLOB_async_unwind_tables=TRUE -mGLOB_obj_output_file=/tmp/ipo_iccEqvWMs.o -mGLOB_source_dialect=GLOB_SOURCE_DIALECT_NONE -mP1OPT_source_file_name=ipo_out.c CMakeFiles/cmTC_93476.dir/CMakeCCompilerABI.c.o -mIPOPT_object_files=T -mIPOPT_assembly_files=/tmp/iccalisvuUYqG -mIPOPT_generated_tempfiles=/tmp/iccelisGPg0fN -mIPOPT_embedded_object_base_name=/tmp/icceobjMaG14T -mIPOPT_cmdline_link_new_name=/tmp/iccllisaHb3T0
ld    /usr/lib/gcc/x86_64-linux-gnu/7/../../../x86_64-linux-gnu/Scrt1.o /usr/lib/gcc/x86_64-linux-gnu/7/../../../x86_64-linux-gnu/crti.o /usr/lib/gcc/x86_64-linux-gnu/7/crtbeginS.o -export-dynamic --eh-frame-hdr --build-id -dynamic-linker /lib64/ld-linux-x86-64.so.2 -m elf_x86_64 -o cmTC_93476 -L/home/yshen/Library/Fortran-Library/lib -L/opt/intel/compilers_and_libraries_2019.4.243/linux/mpi/intel64/libfabric/lib -L/opt/intel/compilers_and_libraries_2019.4.243/linux/ipp/lib/intel64 -L/opt/intel/compilers_and_libraries_2019.4.243/linux/compiler/lib/intel64_lin -L/opt/intel/compilers_and_libraries_2019.4.243/linux/mkl/lib/intel64_lin -L/opt/intel/compilers_and_libraries_2019.4.243/linux/tbb/lib/intel64/gcc4.7 -L/opt/intel/compilers_and_libraries_2019.4.243/linux/tbb/lib/intel64/gcc4.7 -L/opt/intel/compilers_and_libraries_2019.4.243/linux/daal/lib/intel64_lin -L/opt/intel/compilers_and_libraries_2019.4.243/linux/daal/../tbb/lib/intel64_lin/gcc4.4 -L/opt/intel/compilers_and_libraries_2019.4.243/linux/compiler/lib/intel64_lin -L/home/yshen/Library/Fortran-Library/lib/../lib/ -L/opt/intel/compilers_and_libraries_2019.4.243/linux/mpi/intel64/libfabric/lib/../lib/ -L/usr/lib/gcc/x86_64-linux-gnu/7/ -L/usr/lib/gcc/x86_64-linux-gnu/7/../../../x86_64-linux-gnu/ -L/usr/lib/gcc/x86_64-linux-gnu/7/../../../../lib/ -L/lib/x86_64-linux-gnu/ -L/lib/../lib64 -L/lib/../lib/ -L/usr/lib/x86_64-linux-gnu/ -L/usr/lib/../lib/ -L/home/yshen/Library/Fortran-Library/lib/ -L/opt/intel/compilers_and_libraries_2019.4.243/linux/mpi/intel64/libfabric/lib/ -L/opt/intel/compilers_and_libraries_2019.4.243/linux/ipp/lib/intel64/ -L/opt/intel/compilers_and_libraries_2019.4.243/linux/compiler/lib/intel64_lin/ -L/opt/intel/compilers_and_libraries_2019.4.243/linux/mkl/lib/intel64_lin/ -L/opt/intel/compilers_and_libraries_2019.4.243/linux/tbb/lib/intel64/gcc4.7/ -L/opt/intel/compilers_and_libraries_2019.4.243/linux/daal/lib/intel64_lin/ -L/opt/intel/compilers_and_libraries_2019.4.243/linux/daal/../tbb/lib/intel64_lin/gcc4.4/ -L/usr/lib/gcc/x86_64-linux-gnu/7/../../../ -L/lib64 -L/lib/ -L/usr/lib -L/usr/lib/i386-linux-gnu CMakeFiles/cmTC_93476.dir/CMakeCCompilerABI.c.o -Bdynamic -Bstatic -limf -lsvml -lirng -Bdynamic -lm -Bstatic -lipgo -ldecimal --as-needed -Bdynamic -lcilkrts -lstdc++ --no-as-needed -lgcc -lgcc_s -Bstatic -lirc -lsvml -Bdynamic -lc -lgcc -lgcc_s -Bstatic -lirc_s -Bdynamic -ldl -lc /usr/lib/gcc/x86_64-linux-gnu/7/crtendS.o /usr/lib/gcc/x86_64-linux-gnu/7/../../../x86_64-linux-gnu/crtn.o
make[1]: Leaving directory '/home/yshen/Software/Mine/diabatz/tools/gh/v0/CMakeFiles/CMakeTmp'


Parsed C implicit link information from above output:
  link line regex: [^( *|.*[/\])(ld|CMAKE_LINK_STARTFILE-NOTFOUND|([^/\]+-)?ld|collect2)[^/\]*( |$)]
  ignore line: [Change Dir: /home/yshen/Software/Mine/diabatz/tools/gh/v0/CMakeFiles/CMakeTmp]
  ignore line: []
  ignore line: [Run Build Command:"/usr/bin/make" "cmTC_93476/fast"]
  ignore line: [/usr/bin/make -f CMakeFiles/cmTC_93476.dir/build.make CMakeFiles/cmTC_93476.dir/build]
  ignore line: [make[1]: Entering directory '/home/yshen/Software/Mine/diabatz/tools/gh/v0/CMakeFiles/CMakeTmp']
  ignore line: [Building C object CMakeFiles/cmTC_93476.dir/CMakeCCompilerABI.c.o]
  ignore line: [/opt/intel/compilers_and_libraries_2019.4.243/linux/bin/intel64/icc    -o CMakeFiles/cmTC_93476.dir/CMakeCCompilerABI.c.o   -c /usr/share/cmake-3.10/Modules/CMakeCCompilerABI.c]
  ignore line: [Linking C executable cmTC_93476]
  ignore line: [/usr/bin/cmake -E cmake_link_script CMakeFiles/cmTC_93476.dir/link.txt --verbose=1]
  ignore line: [/opt/intel/compilers_and_libraries_2019.4.243/linux/bin/intel64/icc     -v -rdynamic CMakeFiles/cmTC_93476.dir/CMakeCCompilerABI.c.o  -o cmTC_93476 ]
  ignore line: [icc version 19.0.4.243 (gcc version 7.5.0 compatibility)]
  ignore line: [/opt/intel/compilers_and_libraries_2019.4.243/linux/bin/intel64/mcpcom    -mGLOB_em64t=TRUE -mP1OPT_version=19.0-intel64 -mGLOB_diag_file=CMakeFiles/cmTC_93476.dir/CMakeCCompilerABI.c.diag -mGLOB_long_size_64 -mGLOB_routine_pointer_size_64 -mP1OPT_print_version=FALSE -mCG_use_gas_got_workaround=F -mP2OPT_align_option_used=TRUE -mGLOB_gcc_version=750 "-mGLOB_options_string=-v -rdynamic -o cmTC_93476" -mGLOB_cxx_limited_range=FALSE -mCG_extend_parms=FALSE -mGLOB_compiler_bin_directory=/opt/intel/compilers_and_libraries_2019.4.243/linux/bin/intel64 -mGLOB_as_output_backup_file_name=/tmp/iccEum8mlas_.s -mGLOB_dashboard_use_source_name -mIPOPT_activate -mGLOB_product_id_code=0x22006d93 -mP3OPT_use_mspp_call_convention -mP2OPT_subs_out_of_bound=FALSE -mP2OPT_disam_type_based_disam=2 -mP2OPT_disam_assume_ansi_c -mP2OPT_checked_disam_ansi_alias=TRUE -mGLOB_ansi_alias -mPGOPTI_value_profile_use=T -mGLOB_opt_report_use_source_name -mP2OPT_il0_array_sections=TRUE -mGLOB_offload_mode=1 -mP2OPT_offload_unique_var_string=icc1349873378g8URot -mP2OPT_hlo -mP2OPT_hpo_rtt_control=0 -mIPOPT_args_in_regs=0 -mP2OPT_disam_assume_nonstd_intent_in=FALSE -mGLOB_imf_mapping_library=/opt/intel/compilers_and_libraries_2019.4.243/linux/bin/intel64/libiml_attr.so -mPGOPTI_gen_threadsafe_level=0 -mIPOPT_link -mIPOPT_ipo_activate -mIPOPT_mo_activate -mIPOPT_source_files_list=/tmp/iccslisCWO4I7 -mIPOPT_mo_global_data -mIPOPT_link_script_file=/tmp/iccscriptHVv6xe "-mIPOPT_cmdline_link="/usr/lib/gcc/x86_64-linux-gnu/7/../../../x86_64-linux-gnu/Scrt1.o" "/usr/lib/gcc/x86_64-linux-gnu/7/../../../x86_64-linux-gnu/crti.o" "/usr/lib/gcc/x86_64-linux-gnu/7/crtbeginS.o" "-export-dynamic" "--eh-frame-hdr" "--build-id" "-dynamic-linker" "/lib64/ld-linux-x86-64.so.2" "-m" "elf_x86_64" "-o" "cmTC_93476" "-L/home/yshen/Library/Fortran-Library/lib" "-L/opt/intel/compilers_and_libraries_2019.4.243/linux/mpi/intel64/libfabric/lib" "-L/opt/intel/compilers_and_libraries_2019.4.243/linux/ipp/lib/intel64" "-L/opt/intel/compilers_and_libraries_2019.4.243/linux/compiler/lib/intel64_lin" "-L/opt/intel/compilers_and_libraries_2019.4.243/linux/mkl/lib/intel64_lin" "-L/opt/intel/compilers_and_libraries_2019.4.243/linux/tbb/lib/intel64/gcc4.7" "-L/opt/intel/compilers_and_libraries_2019.4.243/linux/tbb/lib/intel64/gcc4.7" "-L/opt/intel/compilers_and_libraries_2019.4.243/linux/daal/lib/intel64_lin" "-L/opt/intel/compilers_and_libraries_2019.4.243/linux/daal/../tbb/lib/intel64_lin/gcc4.4" "-L/opt/intel/compilers_and_libraries_2019.4.243/linux/compiler/lib/intel64_lin" "-L/home/yshen/Library/Fortran-Library/lib/../lib/" "-L/opt/intel/compilers_and_libraries_2019.4.243/linux/mpi/intel64/libfabric/lib/../lib/" "-L/usr/lib/gcc/x86_64-linux-gnu/7/" "-L/usr/lib/gcc/x86_64-linux-gnu/7/../../../x86_64-linux-gnu/" "-L/usr/lib/gcc/x86_64-linux-gnu/7/../../../../lib/" "-L/lib/x86_64-linux-gnu/" "-L/lib/../lib64" "-L/lib/../lib/" "-L/usr/lib/x86_64-linux-gnu/" "-L/usr/lib/../lib/" "-L/home/yshen/Library/Fortran-Library/lib/" "-L/opt/intel/compilers_and_libraries_2019.4.243/linux/mpi/intel64/libfabric/lib/" "-L/opt/intel/compilers_and_libraries_2019.4.243/linux/ipp/lib/intel64/" "-L/opt/intel/compilers_and_libraries_2019.4.243/linux/compiler/lib/intel64_lin/" "-L/opt/intel/compilers_and_libraries_2019.4.243/linux/mkl/lib/intel64_lin/" "-L/opt/intel/compilers_and_libraries_2019.4.243/linux/tbb/lib/intel64/gcc4.7/" "-L/opt/intel/compilers_and_libraries_2019.4.243/linux/daal/lib/intel64_lin/" "-L/opt/intel/compilers_and_libraries_2019.4.243/linux/daal/../tbb/lib/intel64_lin/gcc4.4/" "-L/usr/lib/gcc/x86_64-linux-gnu/7/../../../" "-L/lib64" "-L/lib/" "-L/usr/lib" "-L/usr/lib/i386-linux-gnu" "CMakeFiles/cmTC_93476.dir/CMakeCCompilerABI.c.o" "-Bdynamic" "-Bstatic" "-limf" "-lsvml" "-lirng" "-Bdynamic" "-lm" "-Bstatic" "-lipgo" "-ldecimal" "--as-needed" "-Bdynamic" "-lcilkrts" "-lstdc++" "--no-as-needed" "-lgcc" "-lgcc_s" "-Bstatic" "-lirc" "-lsvml" "-Bdynamic" "-lc" "-lgcc" "-lgcc_s" "-Bstatic" "-lirc_s" "-Bdynamic" "-ldl" "-lc" "/usr/lib/gcc/x86_64-linux-gnu/7/crtendS.o" "/usr/lib/gcc/x86_64-linux-gnu/7/../../../x86_64-linux-gnu/crtn.o"" -mIPOPT_il_in_obj -mIPOPT_ipo_activate_warn=FALSE -mIPOPT_obj_output_file_name=/tmp/ipo_iccEqvWMs.o -mIPOPT_whole_archive_fixup_file_name=/tmp/iccwarchPWZq1y -mGLOB_linker_version=2.30 -mGLOB_linker=ld -mGLOB_driver_tempfile_name=/tmp/icctempfile5cTHQF -mP3OPT_asm_target=P3OPT_ASM_TARGET_GAS -mGLOB_async_unwind_tables=TRUE -mGLOB_obj_output_file=/tmp/ipo_iccEqvWMs.o -mGLOB_source_dialect=GLOB_SOURCE_DIALECT_NONE -mP1OPT_source_file_name=ipo_out.c CMakeFiles/cmTC_93476.dir/CMakeCCompilerABI.c.o -mIPOPT_object_files=T -mIPOPT_assembly_files=/tmp/iccalisvuUYqG -mIPOPT_generated_tempfiles=/tmp/iccelisGPg0fN -mIPOPT_embedded_object_base_name=/tmp/icceobjMaG14T -mIPOPT_cmdline_link_new_name=/tmp/iccllisaHb3T0]
  link line: [ld    /usr/lib/gcc/x86_64-linux-gnu/7/../../../x86_64-linux-gnu/Scrt1.o /usr/lib/gcc/x86_64-linux-gnu/7/../../../x86_64-linux-gnu/crti.o /usr/lib/gcc/x86_64-linux-gnu/7/crtbeginS.o -export-dynamic --eh-frame-hdr --build-id -dynamic-linker /lib64/ld-linux-x86-64.so.2 -m elf_x86_64 -o cmTC_93476 -L/home/yshen/Library/Fortran-Library/lib -L/opt/intel/compilers_and_libraries_2019.4.243/linux/mpi/intel64/libfabric/lib -L/opt/intel/compilers_and_libraries_2019.4.243/linux/ipp/lib/intel64 -L/opt/intel/compilers_and_libraries_2019.4.243/linux/compiler/lib/intel64_lin -L/opt/intel/compilers_and_libraries_2019.4.243/linux/mkl/lib/intel64_lin -L/opt/intel/compilers_and_libraries_2019.4.243/linux/tbb/lib/intel64/gcc4.7 -L/opt/intel/compilers_and_libraries_2019.4.243/linux/tbb/lib/intel64/gcc4.7 -L/opt/intel/compilers_and_libraries_2019.4.243/linux/daal/lib/intel64_lin -L/opt/intel/compilers_and_libraries_2019.4.243/linux/daal/../tbb/lib/intel64_lin/gcc4.4 -L/opt/intel/compilers_and_libraries_2019.4.243/linux/compiler/lib/intel64_lin -L/home/yshen/Library/Fortran-Library/lib/../lib/ -L/opt/intel/compilers_and_libraries_2019.4.243/linux/mpi/intel64/libfabric/lib/../lib/ -L/usr/lib/gcc/x86_64-linux-gnu/7/ -L/usr/lib/gcc/x86_64-linux-gnu/7/../../../x86_64-linux-gnu/ -L/usr/lib/gcc/x86_64-linux-gnu/7/../../../../lib/ -L/lib/x86_64-linux-gnu/ -L/lib/../lib64 -L/lib/../lib/ -L/usr/lib/x86_64-linux-gnu/ -L/usr/lib/../lib/ -L/home/yshen/Library/Fortran-Library/lib/ -L/opt/intel/compilers_and_libraries_2019.4.243/linux/mpi/intel64/libfabric/lib/ -L/opt/intel/compilers_and_libraries_2019.4.243/linux/ipp/lib/intel64/ -L/opt/intel/compilers_and_libraries_2019.4.243/linux/compiler/lib/intel64_lin/ -L/opt/intel/compilers_and_libraries_2019.4.243/linux/mkl/lib/intel64_lin/ -L/opt/intel/compilers_and_libraries_2019.4.243/linux/tbb/lib/intel64/gcc4.7/ -L/opt/intel/compilers_and_libraries_2019.4.243/linux/daal/lib/intel64_lin/ -L/opt/intel/compilers_and_libraries_2019.4.243/linux/daal/../tbb/lib/intel64_lin/gcc4.4/ -L/usr/lib/gcc/x86_64-linux-gnu/7/../../../ -L/lib64 -L/lib/ -L/usr/lib -L/usr/lib/i386-linux-gnu CMakeFiles/cmTC_93476.dir/CMakeCCompilerABI.c.o -Bdynamic -Bstatic -limf -lsvml -lirng -Bdynamic -lm -Bstatic -lipgo -ldecimal --as-needed -Bdynamic -lcilkrts -lstdc++ --no-as-needed -lgcc -lgcc_s -Bstatic -lirc -lsvml -Bdynamic -lc -lgcc -lgcc_s -Bstatic -lirc_s -Bdynamic -ldl -lc /usr/lib/gcc/x86_64-linux-gnu/7/crtendS.o /usr/lib/gcc/x86_64-linux-gnu/7/../../../x86_64-linux-gnu/crtn.o]
    arg [ld] ==> ignore
    arg [/usr/lib/gcc/x86_64-linux-gnu/7/../../../x86_64-linux-gnu/Scrt1.o] ==> ignore
    arg [/usr/lib/gcc/x86_64-linux-gnu/7/../../../x86_64-linux-gnu/crti.o] ==> ignore
    arg [/usr/lib/gcc/x86_64-linux-gnu/7/crtbeginS.o] ==> ignore
    arg [-export-dynamic] ==> ignore
    arg [--eh-frame-hdr] ==> ignore
    arg [--build-id] ==> ignore
    arg [-dynamic-linker] ==> ignore
    arg [/lib64/ld-linux-x86-64.so.2] ==> ignore
    arg [-m] ==> ignore
    arg [elf_x86_64] ==> ignore
    arg [-o] ==> ignore
    arg [cmTC_93476] ==> ignore
    arg [-L/home/yshen/Library/Fortran-Library/lib] ==> dir [/home/yshen/Library/Fortran-Library/lib]
    arg [-L/opt/intel/compilers_and_libraries_2019.4.243/linux/mpi/intel64/libfabric/lib] ==> dir [/opt/intel/compilers_and_libraries_2019.4.243/linux/mpi/intel64/libfabric/lib]
    arg [-L/opt/intel/compilers_and_libraries_2019.4.243/linux/ipp/lib/intel64] ==> dir [/opt/intel/compilers_and_libraries_2019.4.243/linux/ipp/lib/intel64]
    arg [-L/opt/intel/compilers_and_libraries_2019.4.243/linux/compiler/lib/intel64_lin] ==> dir [/opt/intel/compilers_and_libraries_2019.4.243/linux/compiler/lib/intel64_lin]
    arg [-L/opt/intel/compilers_and_libraries_2019.4.243/linux/mkl/lib/intel64_lin] ==> dir [/opt/intel/compilers_and_libraries_2019.4.243/linux/mkl/lib/intel64_lin]
    arg [-L/opt/intel/compilers_and_libraries_2019.4.243/linux/tbb/lib/intel64/gcc4.7] ==> dir [/opt/intel/compilers_and_libraries_2019.4.243/linux/tbb/lib/intel64/gcc4.7]
    arg [-L/opt/intel/compilers_and_libraries_2019.4.243/linux/tbb/lib/intel64/gcc4.7] ==> dir [/opt/intel/compilers_and_libraries_2019.4.243/linux/tbb/lib/intel64/gcc4.7]
    arg [-L/opt/intel/compilers_and_libraries_2019.4.243/linux/daal/lib/intel64_lin] ==> dir [/opt/intel/compilers_and_libraries_2019.4.243/linux/daal/lib/intel64_lin]
    arg [-L/opt/intel/compilers_and_libraries_2019.4.243/linux/daal/../tbb/lib/intel64_lin/gcc4.4] ==> dir [/opt/intel/compilers_and_libraries_2019.4.243/linux/daal/../tbb/lib/intel64_lin/gcc4.4]
    arg [-L/opt/intel/compilers_and_libraries_2019.4.243/linux/compiler/lib/intel64_lin] ==> dir [/opt/intel/compilers_and_libraries_2019.4.243/linux/compiler/lib/intel64_lin]
    arg [-L/home/yshen/Library/Fortran-Library/lib/../lib/] ==> dir [/home/yshen/Library/Fortran-Library/lib/../lib/]
    arg [-L/opt/intel/compilers_and_libraries_2019.4.243/linux/mpi/intel64/libfabric/lib/../lib/] ==> dir [/opt/intel/compilers_and_libraries_2019.4.243/linux/mpi/intel64/libfabric/lib/../lib/]
    arg [-L/usr/lib/gcc/x86_64-linux-gnu/7/] ==> dir [/usr/lib/gcc/x86_64-linux-gnu/7/]
    arg [-L/usr/lib/gcc/x86_64-linux-gnu/7/../../../x86_64-linux-gnu/] ==> dir [/usr/lib/gcc/x86_64-linux-gnu/7/../../../x86_64-linux-gnu/]
    arg [-L/usr/lib/gcc/x86_64-linux-gnu/7/../../../../lib/] ==> dir [/usr/lib/gcc/x86_64-linux-gnu/7/../../../../lib/]
    arg [-L/lib/x86_64-linux-gnu/] ==> dir [/lib/x86_64-linux-gnu/]
    arg [-L/lib/../lib64] ==> dir [/lib/../lib64]
    arg [-L/lib/../lib/] ==> dir [/lib/../lib/]
    arg [-L/usr/lib/x86_64-linux-gnu/] ==> dir [/usr/lib/x86_64-linux-gnu/]
    arg [-L/usr/lib/../lib/] ==> dir [/usr/lib/../lib/]
    arg [-L/home/yshen/Library/Fortran-Library/lib/] ==> dir [/home/yshen/Library/Fortran-Library/lib/]
    arg [-L/opt/intel/compilers_and_libraries_2019.4.243/linux/mpi/intel64/libfabric/lib/] ==> dir [/opt/intel/compilers_and_libraries_2019.4.243/linux/mpi/intel64/libfabric/lib/]
    arg [-L/opt/intel/compilers_and_libraries_2019.4.243/linux/ipp/lib/intel64/] ==> dir [/opt/intel/compilers_and_libraries_2019.4.243/linux/ipp/lib/intel64/]
    arg [-L/opt/intel/compilers_and_libraries_2019.4.243/linux/compiler/lib/intel64_lin/] ==> dir [/opt/intel/compilers_and_libraries_2019.4.243/linux/compiler/lib/intel64_lin/]
    arg [-L/opt/intel/compilers_and_libraries_2019.4.243/linux/mkl/lib/intel64_lin/] ==> dir [/opt/intel/compilers_and_libraries_2019.4.243/linux/mkl/lib/intel64_lin/]
    arg [-L/opt/intel/compilers_and_libraries_2019.4.243/linux/tbb/lib/intel64/gcc4.7/] ==> dir [/opt/intel/compilers_and_libraries_2019.4.243/linux/tbb/lib/intel64/gcc4.7/]
    arg [-L/opt/intel/compilers_and_libraries_2019.4.243/linux/daal/lib/intel64_lin/] ==> dir [/opt/intel/compilers_and_libraries_2019.4.243/linux/daal/lib/intel64_lin/]
    arg [-L/opt/intel/compilers_and_libraries_2019.4.243/linux/daal/../tbb/lib/intel64_lin/gcc4.4/] ==> dir [/opt/intel/compilers_and_libraries_2019.4.243/linux/daal/../tbb/lib/intel64_lin/gcc4.4/]
    arg [-L/usr/lib/gcc/x86_64-linux-gnu/7/../../../] ==> dir [/usr/lib/gcc/x86_64-linux-gnu/7/../../../]
    arg [-L/lib64] ==> dir [/lib64]
    arg [-L/lib/] ==> dir [/lib/]
    arg [-L/usr/lib] ==> dir [/usr/lib]
    arg [-L/usr/lib/i386-linux-gnu] ==> dir [/usr/lib/i386-linux-gnu]
    arg [CMakeFiles/cmTC_93476.dir/CMakeCCompilerABI.c.o] ==> ignore
    arg [-Bdynamic] ==> ignore
    arg [-Bstatic] ==> ignore
    arg [-limf] ==> lib [imf]
    arg [-lsvml] ==> lib [svml]
    arg [-lirng] ==> lib [irng]
    arg [-Bdynamic] ==> ignore
    arg [-lm] ==> lib [m]
    arg [-Bstatic] ==> ignore
    arg [-lipgo] ==> lib [ipgo]
    arg [-ldecimal] ==> lib [decimal]
    arg [--as-needed] ==> ignore
    arg [-Bdynamic] ==> ignore
    arg [-lcilkrts] ==> lib [cilkrts]
    arg [-lstdc++] ==> lib [stdc++]
    arg [--no-as-needed] ==> ignore
    arg [-lgcc] ==> lib [gcc]
    arg [-lgcc_s] ==> lib [gcc_s]
    arg [-Bstatic] ==> ignore
    arg [-lirc] ==> lib [irc]
    arg [-lsvml] ==> lib [svml]
    arg [-Bdynamic] ==> ignore
    arg [-lc] ==> lib [c]
    arg [-lgcc] ==> lib [gcc]
    arg [-lgcc_s] ==> lib [gcc_s]
    arg [-Bstatic] ==> ignore
    arg [-lirc_s] ==> lib [irc_s]
    arg [-Bdynamic] ==> ignore
    arg [-ldl] ==> lib [dl]
    arg [-lc] ==> lib [c]
    arg [/usr/lib/gcc/x86_64-linux-gnu/7/crtendS.o] ==> ignore
    arg [/usr/lib/gcc/x86_64-linux-gnu/7/../../../x86_64-linux-gnu/crtn.o] ==> ignore
  collapse library dir [/home/yshen/Library/Fortran-Library/lib] ==> [/home/yshen/Library/Fortran-Library/lib]
  collapse library dir [/opt/intel/compilers_and_libraries_2019.4.243/linux/mpi/intel64/libfabric/lib] ==> [/opt/intel/compilers_and_libraries_2019.4.243/linux/mpi/intel64/libfabric/lib]
  collapse library dir [/opt/intel/compilers_and_libraries_2019.4.243/linux/ipp/lib/intel64] ==> [/opt/intel/compilers_and_libraries_2019.4.243/linux/ipp/lib/intel64]
  collapse library dir [/opt/intel/compilers_and_libraries_2019.4.243/linux/compiler/lib/intel64_lin] ==> [/opt/intel/compilers_and_libraries_2019.4.243/linux/compiler/lib/intel64_lin]
  collapse library dir [/opt/intel/compilers_and_libraries_2019.4.243/linux/mkl/lib/intel64_lin] ==> [/opt/intel/compilers_and_libraries_2019.4.243/linux/mkl/lib/intel64_lin]
  collapse library dir [/opt/intel/compilers_and_libraries_2019.4.243/linux/tbb/lib/intel64/gcc4.7] ==> [/opt/intel/compilers_and_libraries_2019.4.243/linux/tbb/lib/intel64/gcc4.7]
  collapse library dir [/opt/intel/compilers_and_libraries_2019.4.243/linux/tbb/lib/intel64/gcc4.7] ==> [/opt/intel/compilers_and_libraries_2019.4.243/linux/tbb/lib/intel64/gcc4.7]
  collapse library dir [/opt/intel/compilers_and_libraries_2019.4.243/linux/daal/lib/intel64_lin] ==> [/opt/intel/compilers_and_libraries_2019.4.243/linux/daal/lib/intel64_lin]
  collapse library dir [/opt/intel/compilers_and_libraries_2019.4.243/linux/daal/../tbb/lib/intel64_lin/gcc4.4] ==> [/opt/intel/compilers_and_libraries_2019.4.243/linux/tbb/lib/intel64_lin/gcc4.4]
  collapse library dir [/opt/intel/compilers_and_libraries_2019.4.243/linux/compiler/lib/intel64_lin] ==> [/opt/intel/compilers_and_libraries_2019.4.243/linux/compiler/lib/intel64_lin]
  collapse library dir [/home/yshen/Library/Fortran-Library/lib/../lib/] ==> [/home/yshen/Library/Fortran-Library/lib]
  collapse library dir [/opt/intel/compilers_and_libraries_2019.4.243/linux/mpi/intel64/libfabric/lib/../lib/] ==> [/opt/intel/compilers_and_libraries_2019.4.243/linux/mpi/intel64/libfabric/lib]
  collapse library dir [/usr/lib/gcc/x86_64-linux-gnu/7/] ==> [/usr/lib/gcc/x86_64-linux-gnu/7]
  collapse library dir [/usr/lib/gcc/x86_64-linux-gnu/7/../../../x86_64-linux-gnu/] ==> [/usr/lib/x86_64-linux-gnu]
  collapse library dir [/usr/lib/gcc/x86_64-linux-gnu/7/../../../../lib/] ==> [/usr/lib]
  collapse library dir [/lib/x86_64-linux-gnu/] ==> [/lib/x86_64-linux-gnu]
  collapse library dir [/lib/../lib64] ==> [/lib64]
  collapse library dir [/lib/../lib/] ==> [/lib]
  collapse library dir [/usr/lib/x86_64-linux-gnu/] ==> [/usr/lib/x86_64-linux-gnu]
  collapse library dir [/usr/lib/../lib/] ==> [/usr/lib]
  collapse library dir [/home/yshen/Library/Fortran-Library/lib/] ==> [/home/yshen/Library/Fortran-Library/lib]
  collapse library dir [/opt/intel/compilers_and_libraries_2019.4.243/linux/mpi/intel64/libfabric/lib/] ==> [/opt/intel/compilers_and_libraries_2019.4.243/linux/mpi/intel64/libfabric/lib]
  collapse library dir [/opt/intel/compilers_and_libraries_2019.4.243/linux/ipp/lib/intel64/] ==> [/opt/intel/compilers_and_libraries_2019.4.243/linux/ipp/lib/intel64]
  collapse library dir [/opt/intel/compilers_and_libraries_2019.4.243/linux/compiler/lib/intel64_lin/] ==> [/opt/intel/compilers_and_libraries_2019.4.243/linux/compiler/lib/intel64_lin]
  collapse library dir [/opt/intel/compilers_and_libraries_2019.4.243/linux/mkl/lib/intel64_lin/] ==> [/opt/intel/compilers_and_libraries_2019.4.243/linux/mkl/lib/intel64_lin]
  collapse library dir [/opt/intel/compilers_and_libraries_2019.4.243/linux/tbb/lib/intel64/gcc4.7/] ==> [/opt/intel/compilers_and_libraries_2019.4.243/linux/tbb/lib/intel64/gcc4.7]
  collapse library dir [/opt/intel/compilers_and_libraries_2019.4.243/linux/daal/lib/intel64_lin/] ==> [/opt/intel/compilers_and_libraries_2019.4.243/linux/daal/lib/intel64_lin]
  collapse library dir [/opt/intel/compilers_and_libraries_2019.4.243/linux/daal/../tbb/lib/intel64_lin/gcc4.4/] ==> [/opt/intel/compilers_and_libraries_2019.4.243/linux/tbb/lib/intel64_lin/gcc4.4]
  collapse library dir [/usr/lib/gcc/x86_64-linux-gnu/7/../../../] ==> [/usr/lib]
  collapse library dir [/lib64] ==> [/lib64]
  collapse library dir [/lib/] ==> [/lib]
  collapse library dir [/usr/lib] ==> [/usr/lib]
  collapse library dir [/usr/lib/i386-linux-gnu] ==> [/usr/lib/i386-linux-gnu]
  implicit libs: [imf;svml;irng;m;ipgo;decimal;cilkrts;stdc++;gcc;gcc_s;irc;svml;c;gcc;gcc_s;irc_s;dl;c]
  implicit dirs: [/home/yshen/Library/Fortran-Library/lib;/opt/intel/compilers_and_libraries_2019.4.243/linux/mpi/intel64/libfabric/lib;/opt/intel/compilers_and_libraries_2019.4.243/linux/ipp/lib/intel64;/opt/intel/compilers_and_libraries_2019.4.243/linux/compiler/lib/intel64_lin;/opt/intel/compilers_and_libraries_2019.4.243/linux/mkl/lib/intel64_lin;/opt/intel/compilers_and_libraries_2019.4.243/linux/tbb/lib/intel64/gcc4.7;/opt/intel/compilers_and_libraries_2019.4.243/linux/daal/lib/intel64_lin;/opt/intel/compilers_and_libraries_2019.4.243/linux/tbb/lib/intel64_lin/gcc4.4;/usr/lib/gcc/x86_64-linux-gnu/7;/usr/lib/x86_64-linux-gnu;/usr/lib;/lib/x86_64-linux-gnu;/lib64;/lib;/usr/lib/i386-linux-gnu]
  implicit fwks: []




Detecting C [-std=c11] compiler features compiled with the following output:
Change Dir: /home/yshen/Software/Mine/diabatz/tools/gh/v0/CMakeFiles/CMakeTmp

Run Build Command:"/usr/bin/make" "cmTC_36154/fast"
/usr/bin/make -f CMakeFiles/cmTC_36154.dir/build.make CMakeFiles/cmTC_36154.dir/build
make[1]: Entering directory '/home/yshen/Software/Mine/diabatz/tools/gh/v0/CMakeFiles/CMakeTmp'
Building C object CMakeFiles/cmTC_36154.dir/feature_tests.c.o
/opt/intel/compilers_and_libraries_2019.4.243/linux/bin/intel64/icc   -std=c11 -o CMakeFiles/cmTC_36154.dir/feature_tests.c.o   -c /home/yshen/Software/Mine/diabatz/tools/gh/v0/CMakeFiles/feature_tests.c
Linking C executable cmTC_36154
/usr/bin/cmake -E cmake_link_script CMakeFiles/cmTC_36154.dir/link.txt --verbose=1
/opt/intel/compilers_and_libraries_2019.4.243/linux/bin/intel64/icc      -rdynamic CMakeFiles/cmTC_36154.dir/feature_tests.c.o  -o cmTC_36154 
make[1]: Leaving directory '/home/yshen/Software/Mine/diabatz/tools/gh/v0/CMakeFiles/CMakeTmp'


    Feature record: C_FEATURE:1c_function_prototypes
    Feature record: C_FEATURE:1c_restrict
    Feature record: C_FEATURE:1c_static_assert
    Feature record: C_FEATURE:1c_variadic_macros


Detecting C [-std=c99] compiler features compiled with the following output:
Change Dir: /home/yshen/Software/Mine/diabatz/tools/gh/v0/CMakeFiles/CMakeTmp

Run Build Command:"/usr/bin/make" "cmTC_11d4e/fast"
/usr/bin/make -f CMakeFiles/cmTC_11d4e.dir/build.make CMakeFiles/cmTC_11d4e.dir/build
make[1]: Entering directory '/home/yshen/Software/Mine/diabatz/tools/gh/v0/CMakeFiles/CMakeTmp'
Building C object CMakeFiles/cmTC_11d4e.dir/feature_tests.c.o
/opt/intel/compilers_and_libraries_2019.4.243/linux/bin/intel64/icc   -std=c99 -o CMakeFiles/cmTC_11d4e.dir/feature_tests.c.o   -c /home/yshen/Software/Mine/diabatz/tools/gh/v0/CMakeFiles/feature_tests.c
Linking C executable cmTC_11d4e
/usr/bin/cmake -E cmake_link_script CMakeFiles/cmTC_11d4e.dir/link.txt --verbose=1
/opt/intel/compilers_and_libraries_2019.4.243/linux/bin/intel64/icc      -rdynamic CMakeFiles/cmTC_11d4e.dir/feature_tests.c.o  -o cmTC_11d4e 
make[1]: Leaving directory '/home/yshen/Software/Mine/diabatz/tools/gh/v0/CMakeFiles/CMakeTmp'


    Feature record: C_FEATURE:1c_function_prototypes
    Feature record: C_FEATURE:1c_restrict
    Feature record: C_FEATURE:1c_static_assert
    Feature record: C_FEATURE:1c_variadic_macros


Detecting C [-std=c89] compiler features compiled with the following output:
Change Dir: /home/yshen/Software/Mine/diabatz/tools/gh/v0/CMakeFiles/CMakeTmp

Run Build Command:"/usr/bin/make" "cmTC_a8199/fast"
/usr/bin/make -f CMakeFiles/cmTC_a8199.dir/build.make CMakeFiles/cmTC_a8199.dir/build
make[1]: Entering directory '/home/yshen/Software/Mine/diabatz/tools/gh/v0/CMakeFiles/CMakeTmp'
Building C object CMakeFiles/cmTC_a8199.dir/feature_tests.c.o
/opt/intel/compilers_and_libraries_2019.4.243/linux/bin/intel64/icc   -std=c89 -o CMakeFiles/cmTC_a8199.dir/feature_tests.c.o   -c /home/yshen/Software/Mine/diabatz/tools/gh/v0/CMakeFiles/feature_tests.c
Linking C executable cmTC_a8199
/usr/bin/cmake -E cmake_link_script CMakeFiles/cmTC_a8199.dir/link.txt --verbose=1
/opt/intel/compilers_and_libraries_2019.4.243/linux/bin/intel64/icc      -rdynamic CMakeFiles/cmTC_a8199.dir/feature_tests.c.o  -o cmTC_a8199 
make[1]: Leaving directory '/home/yshen/Software/Mine/diabatz/tools/gh/v0/CMakeFiles/CMakeTmp'


    Feature record: C_FEATURE:1c_function_prototypes
    Feature record: C_FEATURE:0c_restrict
    Feature record: C_FEATURE:0c_static_assert
    Feature record: C_FEATURE:0c_variadic_macros
Determining if the CXX compiler works passed with the following output:
Change Dir: /home/yshen/Software/Mine/diabatz/tools/gh/v0/CMakeFiles/CMakeTmp

Run Build Command:"/usr/bin/make" "cmTC_3dacc/fast"
/usr/bin/make -f CMakeFiles/cmTC_3dacc.dir/build.make CMakeFiles/cmTC_3dacc.dir/build
make[1]: Entering directory '/home/yshen/Software/Mine/diabatz/tools/gh/v0/CMakeFiles/CMakeTmp'
Building CXX object CMakeFiles/cmTC_3dacc.dir/testCXXCompiler.cxx.o
/opt/intel/compilers_and_libraries_2019.4.243/linux/bin/intel64/icpc     -o CMakeFiles/cmTC_3dacc.dir/testCXXCompiler.cxx.o -c /home/yshen/Software/Mine/diabatz/tools/gh/v0/CMakeFiles/CMakeTmp/testCXXCompiler.cxx
Linking CXX executable cmTC_3dacc
/usr/bin/cmake -E cmake_link_script CMakeFiles/cmTC_3dacc.dir/link.txt --verbose=1
/opt/intel/compilers_and_libraries_2019.4.243/linux/bin/intel64/icpc       -rdynamic CMakeFiles/cmTC_3dacc.dir/testCXXCompiler.cxx.o  -o cmTC_3dacc 
make[1]: Leaving directory '/home/yshen/Software/Mine/diabatz/tools/gh/v0/CMakeFiles/CMakeTmp'


Detecting CXX compiler ABI info compiled with the following output:
Change Dir: /home/yshen/Software/Mine/diabatz/tools/gh/v0/CMakeFiles/CMakeTmp

Run Build Command:"/usr/bin/make" "cmTC_22f51/fast"
/usr/bin/make -f CMakeFiles/cmTC_22f51.dir/build.make CMakeFiles/cmTC_22f51.dir/build
make[1]: Entering directory '/home/yshen/Software/Mine/diabatz/tools/gh/v0/CMakeFiles/CMakeTmp'
Building CXX object CMakeFiles/cmTC_22f51.dir/CMakeCXXCompilerABI.cpp.o
/opt/intel/compilers_and_libraries_2019.4.243/linux/bin/intel64/icpc     -o CMakeFiles/cmTC_22f51.dir/CMakeCXXCompilerABI.cpp.o -c /usr/share/cmake-3.10/Modules/CMakeCXXCompilerABI.cpp
Linking CXX executable cmTC_22f51
/usr/bin/cmake -E cmake_link_script CMakeFiles/cmTC_22f51.dir/link.txt --verbose=1
/opt/intel/compilers_and_libraries_2019.4.243/linux/bin/intel64/icpc      -v -rdynamic CMakeFiles/cmTC_22f51.dir/CMakeCXXCompilerABI.cpp.o  -o cmTC_22f51 
icpc version 19.0.4.243 (gcc version 7.5.0 compatibility)
/opt/intel/compilers_and_libraries_2019.4.243/linux/bin/intel64/mcpcom    -mGLOB_em64t=TRUE -mP1OPT_version=19.0-intel64 -mGLOB_diag_file=CMakeFiles/cmTC_22f51.dir/CMakeCXXCompilerABI.cpp.diag -mGLOB_long_size_64 -mGLOB_routine_pointer_size_64 -mP1OPT_print_version=FALSE -mCG_use_gas_got_workaround=F -mP2OPT_align_option_used=TRUE -mGLOB_gcc_version=750 "-mGLOB_options_string=-v -rdynamic -o cmTC_22f51" -mGLOB_cxx_limited_range=FALSE -mCG_extend_parms=FALSE -mGLOB_compiler_bin_directory=/opt/intel/compilers_and_libraries_2019.4.243/linux/bin/intel64 -mGLOB_as_output_backup_file_name=/tmp/icpc3j4L7uas_.s -mGLOB_dashboard_use_source_name -mIPOPT_activate -mGLOB_product_id_code=0x22006d90 -mP3OPT_use_mspp_call_convention -mP2OPT_subs_out_of_bound=FALSE -mP2OPT_disam_type_based_disam=2 -mP2OPT_disam_assume_ansi_c -mP2OPT_checked_disam_ansi_alias=TRUE -mGLOB_ansi_alias -mPGOPTI_value_profile_use=T -mGLOB_opt_report_use_source_name -mP2OPT_il0_array_sections=TRUE -mGLOB_offload_mode=1 -mP2OPT_offload_unique_var_string=icpc1358716106MGnuhe -mP2OPT_hlo -mP2OPT_hpo_rtt_control=0 -mIPOPT_args_in_regs=0 -mP2OPT_disam_assume_nonstd_intent_in=FALSE -mGLOB_imf_mapping_library=/opt/intel/compilers_and_libraries_2019.4.243/linux/bin/intel64/libiml_attr.so -mPGOPTI_gen_threadsafe_level=0 -mIPOPT_link -mIPOPT_ipo_activate -mIPOPT_mo_activate -mIPOPT_source_files_list=/tmp/icpcslisMqeiye -mIPOPT_mo_global_data -mIPOPT_link_script_file=/tmp/icpcscriptKb51Pm "-mIPOPT_cmdline_link="/usr/lib/gcc/x86_64-linux-gnu/7/../../../x86_64-linux-gnu/Scrt1.o" "/usr/lib/gcc/x86_64-linux-gnu/7/../../../x86_64-linux-gnu/crti.o" "/usr/lib/gcc/x86_64-linux-gnu/7/crtbeginS.o" "-export-dynamic" "--eh-frame-hdr" "--build-id" "-dynamic-linker" "/lib64/ld-linux-x86-64.so.2" "-m" "elf_x86_64" "-o" "cmTC_22f51" "-L/home/yshen/Library/Fortran-Library/lib" "-L/opt/intel/compilers_and_libraries_2019.4.243/linux/mpi/intel64/libfabric/lib" "-L/opt/intel/compilers_and_libraries_2019.4.243/linux/ipp/lib/intel64" "-L/opt/intel/compilers_and_libraries_2019.4.243/linux/compiler/lib/intel64_lin" "-L/opt/intel/compilers_and_libraries_2019.4.243/linux/mkl/lib/intel64_lin" "-L/opt/intel/compilers_and_libraries_2019.4.243/linux/tbb/lib/intel64/gcc4.7" "-L/opt/intel/compilers_and_libraries_2019.4.243/linux/tbb/lib/intel64/gcc4.7" "-L/opt/intel/compilers_and_libraries_2019.4.243/linux/daal/lib/intel64_lin" "-L/opt/intel/compilers_and_libraries_2019.4.243/linux/daal/../tbb/lib/intel64_lin/gcc4.4" "-L/opt/intel/compilers_and_libraries_2019.4.243/linux/compiler/lib/intel64_lin" "-L/home/yshen/Library/Fortran-Library/lib/../lib/" "-L/opt/intel/compilers_and_libraries_2019.4.243/linux/mpi/intel64/libfabric/lib/../lib/" "-L/usr/lib/gcc/x86_64-linux-gnu/7/" "-L/usr/lib/gcc/x86_64-linux-gnu/7/../../../x86_64-linux-gnu/" "-L/usr/lib/gcc/x86_64-linux-gnu/7/../../../../lib/" "-L/lib/x86_64-linux-gnu/" "-L/lib/../lib64" "-L/lib/../lib/" "-L/usr/lib/x86_64-linux-gnu/" "-L/usr/lib/../lib/" "-L/home/yshen/Library/Fortran-Library/lib/" "-L/opt/intel/compilers_and_libraries_2019.4.243/linux/mpi/intel64/libfabric/lib/" "-L/opt/intel/compilers_and_libraries_2019.4.243/linux/ipp/lib/intel64/" "-L/opt/intel/compilers_and_libraries_2019.4.243/linux/compiler/lib/intel64_lin/" "-L/opt/intel/compilers_and_libraries_2019.4.243/linux/mkl/lib/intel64_lin/" "-L/opt/intel/compilers_and_libraries_2019.4.243/linux/tbb/lib/intel64/gcc4.7/" "-L/opt/intel/compilers_and_libraries_2019.4.243/linux/daal/lib/intel64_lin/" "-L/opt/intel/compilers_and_libraries_2019.4.243/linux/daal/../tbb/lib/intel64_lin/gcc4.4/" "-L/usr/lib/gcc/x86_64-linux-gnu/7/../../../" "-L/lib64" "-L/lib/" "-L/usr/lib" "-L/usr/lib/i386-linux-gnu" "CMakeFiles/cmTC_22f51.dir/CMakeCXXCompilerABI.cpp.o" "-Bdynamic" "-Bstatic" "-limf" "-lsvml" "-lirng" "-Bdynamic" "-lstdc++" "-lm" "-Bstatic" "-lipgo" "-ldecimal" "--as-needed" "-Bdynamic" "-lcilkrts" "--no-as-needed" "-lstdc++" "-lgcc" "-lgcc_s" "-Bstatic" "-lirc" "-lsvml" "-Bdynamic" "-lc" "-lgcc" "-lgcc_s" "-Bstatic" "-lirc_s" "-Bdynamic" "-ldl" "-lc" "/usr/lib/gcc/x86_64-linux-gnu/7/crtendS.o" "/usr/lib/gcc/x86_64-linux-gnu/7/../../../x86_64-linux-gnu/crtn.o"" -mIPOPT_il_in_obj -mIPOPT_ipo_activate_warn=FALSE -mIPOPT_obj_output_file_name=/tmp/ipo_icpcCz9SPq.o -mIPOPT_whole_archive_fixup_file_name=/tmp/icpcwarchbWSxHL -mGLOB_linker_version=2.30 -mGLOB_linker=ld -mGLOB_driver_tempfile_name=/tmp/icpctempfileLjHzZT -mP3OPT_asm_target=P3OPT_ASM_TARGET_GAS -mGLOB_async_unwind_tables=TRUE -mGLOB_obj_output_file=/tmp/ipo_icpcCz9SPq.o -mGLOB_source_dialect=GLOB_SOURCE_DIALECT_NONE -mP1OPT_source_file_name=ipo_out.c CMakeFiles/cmTC_22f51.dir/CMakeCXXCompilerABI.cpp.o -mIPOPT_object_files=T -mIPOPT_assembly_files=/tmp/icpcalisQ2LlpH -mIPOPT_generated_tempfiles=/tmp/icpcelisGNf5GP -mIPOPT_embedded_object_base_name=/tmp/icpceobjNmPOYX -mIPOPT_cmdline_link_new_name=/tmp/icpcllisNovyg6
ld    /usr/lib/gcc/x86_64-linux-gnu/7/../../../x86_64-linux-gnu/Scrt1.o /usr/lib/gcc/x86_64-linux-gnu/7/../../../x86_64-linux-gnu/crti.o /usr/lib/gcc/x86_64-linux-gnu/7/crtbeginS.o -export-dynamic --eh-frame-hdr --build-id -dynamic-linker /lib64/ld-linux-x86-64.so.2 -m elf_x86_64 -o cmTC_22f51 -L/home/yshen/Library/Fortran-Library/lib -L/opt/intel/compilers_and_libraries_2019.4.243/linux/mpi/intel64/libfabric/lib -L/opt/intel/compilers_and_libraries_2019.4.243/linux/ipp/lib/intel64 -L/opt/intel/compilers_and_libraries_2019.4.243/linux/compiler/lib/intel64_lin -L/opt/intel/compilers_and_libraries_2019.4.243/linux/mkl/lib/intel64_lin -L/opt/intel/compilers_and_libraries_2019.4.243/linux/tbb/lib/intel64/gcc4.7 -L/opt/intel/compilers_and_libraries_2019.4.243/linux/tbb/lib/intel64/gcc4.7 -L/opt/intel/compilers_and_libraries_2019.4.243/linux/daal/lib/intel64_lin -L/opt/intel/compilers_and_libraries_2019.4.243/linux/daal/../tbb/lib/intel64_lin/gcc4.4 -L/opt/intel/compilers_and_libraries_2019.4.243/linux/compiler/lib/intel64_lin -L/home/yshen/Library/Fortran-Library/lib/../lib/ -L/opt/intel/compilers_and_libraries_2019.4.243/linux/mpi/intel64/libfabric/lib/../lib/ -L/usr/lib/gcc/x86_64-linux-gnu/7/ -L/usr/lib/gcc/x86_64-linux-gnu/7/../../../x86_64-linux-gnu/ -L/usr/lib/gcc/x86_64-linux-gnu/7/../../../../lib/ -L/lib/x86_64-linux-gnu/ -L/lib/../lib64 -L/lib/../lib/ -L/usr/lib/x86_64-linux-gnu/ -L/usr/lib/../lib/ -L/home/yshen/Library/Fortran-Library/lib/ -L/opt/intel/compilers_and_libraries_2019.4.243/linux/mpi/intel64/libfabric/lib/ -L/opt/intel/compilers_and_libraries_2019.4.243/linux/ipp/lib/intel64/ -L/opt/intel/compilers_and_libraries_2019.4.243/linux/compiler/lib/intel64_lin/ -L/opt/intel/compilers_and_libraries_2019.4.243/linux/mkl/lib/intel64_lin/ -L/opt/intel/compilers_and_libraries_2019.4.243/linux/tbb/lib/intel64/gcc4.7/ -L/opt/intel/compilers_and_libraries_2019.4.243/linux/daal/lib/intel64_lin/ -L/opt/intel/compilers_and_libraries_2019.4.243/linux/daal/../tbb/lib/intel64_lin/gcc4.4/ -L/usr/lib/gcc/x86_64-linux-gnu/7/../../../ -L/lib64 -L/lib/ -L/usr/lib -L/usr/lib/i386-linux-gnu CMakeFiles/cmTC_22f51.dir/CMakeCXXCompilerABI.cpp.o -Bdynamic -Bstatic -limf -lsvml -lirng -Bdynamic -lstdc++ -lm -Bstatic -lipgo -ldecimal --as-needed -Bdynamic -lcilkrts --no-as-needed -lstdc++ -lgcc -lgcc_s -Bstatic -lirc -lsvml -Bdynamic -lc -lgcc -lgcc_s -Bstatic -lirc_s -Bdynamic -ldl -lc /usr/lib/gcc/x86_64-linux-gnu/7/crtendS.o /usr/lib/gcc/x86_64-linux-gnu/7/../../../x86_64-linux-gnu/crtn.o
make[1]: Leaving directory '/home/yshen/Software/Mine/diabatz/tools/gh/v0/CMakeFiles/CMakeTmp'


Parsed CXX implicit link information from above output:
  link line regex: [^( *|.*[/\])(ld|CMAKE_LINK_STARTFILE-NOTFOUND|([^/\]+-)?ld|collect2)[^/\]*( |$)]
  ignore line: [Change Dir: /home/yshen/Software/Mine/diabatz/tools/gh/v0/CMakeFiles/CMakeTmp]
  ignore line: []
  ignore line: [Run Build Command:"/usr/bin/make" "cmTC_22f51/fast"]
  ignore line: [/usr/bin/make -f CMakeFiles/cmTC_22f51.dir/build.make CMakeFiles/cmTC_22f51.dir/build]
  ignore line: [make[1]: Entering directory '/home/yshen/Software/Mine/diabatz/tools/gh/v0/CMakeFiles/CMakeTmp']
  ignore line: [Building CXX object CMakeFiles/cmTC_22f51.dir/CMakeCXXCompilerABI.cpp.o]
  ignore line: [/opt/intel/compilers_and_libraries_2019.4.243/linux/bin/intel64/icpc     -o CMakeFiles/cmTC_22f51.dir/CMakeCXXCompilerABI.cpp.o -c /usr/share/cmake-3.10/Modules/CMakeCXXCompilerABI.cpp]
  ignore line: [Linking CXX executable cmTC_22f51]
  ignore line: [/usr/bin/cmake -E cmake_link_script CMakeFiles/cmTC_22f51.dir/link.txt --verbose=1]
  ignore line: [/opt/intel/compilers_and_libraries_2019.4.243/linux/bin/intel64/icpc      -v -rdynamic CMakeFiles/cmTC_22f51.dir/CMakeCXXCompilerABI.cpp.o  -o cmTC_22f51 ]
  ignore line: [icpc version 19.0.4.243 (gcc version 7.5.0 compatibility)]
  ignore line: [/opt/intel/compilers_and_libraries_2019.4.243/linux/bin/intel64/mcpcom    -mGLOB_em64t=TRUE -mP1OPT_version=19.0-intel64 -mGLOB_diag_file=CMakeFiles/cmTC_22f51.dir/CMakeCXXCompilerABI.cpp.diag -mGLOB_long_size_64 -mGLOB_routine_pointer_size_64 -mP1OPT_print_version=FALSE -mCG_use_gas_got_workaround=F -mP2OPT_align_option_used=TRUE -mGLOB_gcc_version=750 "-mGLOB_options_string=-v -rdynamic -o cmTC_22f51" -mGLOB_cxx_limited_range=FALSE -mCG_extend_parms=FALSE -mGLOB_compiler_bin_directory=/opt/intel/compilers_and_libraries_2019.4.243/linux/bin/intel64 -mGLOB_as_output_backup_file_name=/tmp/icpc3j4L7uas_.s -mGLOB_dashboard_use_source_name -mIPOPT_activate -mGLOB_product_id_code=0x22006d90 -mP3OPT_use_mspp_call_convention -mP2OPT_subs_out_of_bound=FALSE -mP2OPT_disam_type_based_disam=2 -mP2OPT_disam_assume_ansi_c -mP2OPT_checked_disam_ansi_alias=TRUE -mGLOB_ansi_alias -mPGOPTI_value_profile_use=T -mGLOB_opt_report_use_source_name -mP2OPT_il0_array_sections=TRUE -mGLOB_offload_mode=1 -mP2OPT_offload_unique_var_string=icpc1358716106MGnuhe -mP2OPT_hlo -mP2OPT_hpo_rtt_control=0 -mIPOPT_args_in_regs=0 -mP2OPT_disam_assume_nonstd_intent_in=FALSE -mGLOB_imf_mapping_library=/opt/intel/compilers_and_libraries_2019.4.243/linux/bin/intel64/libiml_attr.so -mPGOPTI_gen_threadsafe_level=0 -mIPOPT_link -mIPOPT_ipo_activate -mIPOPT_mo_activate -mIPOPT_source_files_list=/tmp/icpcslisMqeiye -mIPOPT_mo_global_data -mIPOPT_link_script_file=/tmp/icpcscriptKb51Pm "-mIPOPT_cmdline_link="/usr/lib/gcc/x86_64-linux-gnu/7/../../../x86_64-linux-gnu/Scrt1.o" "/usr/lib/gcc/x86_64-linux-gnu/7/../../../x86_64-linux-gnu/crti.o" "/usr/lib/gcc/x86_64-linux-gnu/7/crtbeginS.o" "-export-dynamic" "--eh-frame-hdr" "--build-id" "-dynamic-linker" "/lib64/ld-linux-x86-64.so.2" "-m" "elf_x86_64" "-o" "cmTC_22f51" "-L/home/yshen/Library/Fortran-Library/lib" "-L/opt/intel/compilers_and_libraries_2019.4.243/linux/mpi/intel64/libfabric/lib" "-L/opt/intel/compilers_and_libraries_2019.4.243/linux/ipp/lib/intel64" "-L/opt/intel/compilers_and_libraries_2019.4.243/linux/compiler/lib/intel64_lin" "-L/opt/intel/compilers_and_libraries_2019.4.243/linux/mkl/lib/intel64_lin" "-L/opt/intel/compilers_and_libraries_2019.4.243/linux/tbb/lib/intel64/gcc4.7" "-L/opt/intel/compilers_and_libraries_2019.4.243/linux/tbb/lib/intel64/gcc4.7" "-L/opt/intel/compilers_and_libraries_2019.4.243/linux/daal/lib/intel64_lin" "-L/opt/intel/compilers_and_libraries_2019.4.243/linux/daal/../tbb/lib/intel64_lin/gcc4.4" "-L/opt/intel/compilers_and_libraries_2019.4.243/linux/compiler/lib/intel64_lin" "-L/home/yshen/Library/Fortran-Library/lib/../lib/" "-L/opt/intel/compilers_and_libraries_2019.4.243/linux/mpi/intel64/libfabric/lib/../lib/" "-L/usr/lib/gcc/x86_64-linux-gnu/7/" "-L/usr/lib/gcc/x86_64-linux-gnu/7/../../../x86_64-linux-gnu/" "-L/usr/lib/gcc/x86_64-linux-gnu/7/../../../../lib/" "-L/lib/x86_64-linux-gnu/" "-L/lib/../lib64" "-L/lib/../lib/" "-L/usr/lib/x86_64-linux-gnu/" "-L/usr/lib/../lib/" "-L/home/yshen/Library/Fortran-Library/lib/" "-L/opt/intel/compilers_and_libraries_2019.4.243/linux/mpi/intel64/libfabric/lib/" "-L/opt/intel/compilers_and_libraries_2019.4.243/linux/ipp/lib/intel64/" "-L/opt/intel/compilers_and_libraries_2019.4.243/linux/compiler/lib/intel64_lin/" "-L/opt/intel/compilers_and_libraries_2019.4.243/linux/mkl/lib/intel64_lin/" "-L/opt/intel/compilers_and_libraries_2019.4.243/linux/tbb/lib/intel64/gcc4.7/" "-L/opt/intel/compilers_and_libraries_2019.4.243/linux/daal/lib/intel64_lin/" "-L/opt/intel/compilers_and_libraries_2019.4.243/linux/daal/../tbb/lib/intel64_lin/gcc4.4/" "-L/usr/lib/gcc/x86_64-linux-gnu/7/../../../" "-L/lib64" "-L/lib/" "-L/usr/lib" "-L/usr/lib/i386-linux-gnu" "CMakeFiles/cmTC_22f51.dir/CMakeCXXCompilerABI.cpp.o" "-Bdynamic" "-Bstatic" "-limf" "-lsvml" "-lirng" "-Bdynamic" "-lstdc++" "-lm" "-Bstatic" "-lipgo" "-ldecimal" "--as-needed" "-Bdynamic" "-lcilkrts" "--no-as-needed" "-lstdc++" "-lgcc" "-lgcc_s" "-Bstatic" "-lirc" "-lsvml" "-Bdynamic" "-lc" "-lgcc" "-lgcc_s" "-Bstatic" "-lirc_s" "-Bdynamic" "-ldl" "-lc" "/usr/lib/gcc/x86_64-linux-gnu/7/crtendS.o" "/usr/lib/gcc/x86_64-linux-gnu/7/../../../x86_64-linux-gnu/crtn.o"" -mIPOPT_il_in_obj -mIPOPT_ipo_activate_warn=FALSE -mIPOPT_obj_output_file_name=/tmp/ipo_icpcCz9SPq.o -mIPOPT_whole_archive_fixup_file_name=/tmp/icpcwarchbWSxHL -mGLOB_linker_version=2.30 -mGLOB_linker=ld -mGLOB_driver_tempfile_name=/tmp/icpctempfileLjHzZT -mP3OPT_asm_target=P3OPT_ASM_TARGET_GAS -mGLOB_async_unwind_tables=TRUE -mGLOB_obj_output_file=/tmp/ipo_icpcCz9SPq.o -mGLOB_source_dialect=GLOB_SOURCE_DIALECT_NONE -mP1OPT_source_file_name=ipo_out.c CMakeFiles/cmTC_22f51.dir/CMakeCXXCompilerABI.cpp.o -mIPOPT_object_files=T -mIPOPT_assembly_files=/tmp/icpcalisQ2LlpH -mIPOPT_generated_tempfiles=/tmp/icpcelisGNf5GP -mIPOPT_embedded_object_base_name=/tmp/icpceobjNmPOYX -mIPOPT_cmdline_link_new_name=/tmp/icpcllisNovyg6]
  link line: [ld    /usr/lib/gcc/x86_64-linux-gnu/7/../../../x86_64-linux-gnu/Scrt1.o /usr/lib/gcc/x86_64-linux-gnu/7/../../../x86_64-linux-gnu/crti.o /usr/lib/gcc/x86_64-linux-gnu/7/crtbeginS.o -export-dynamic --eh-frame-hdr --build-id -dynamic-linker /lib64/ld-linux-x86-64.so.2 -m elf_x86_64 -o cmTC_22f51 -L/home/yshen/Library/Fortran-Library/lib -L/opt/intel/compilers_and_libraries_2019.4.243/linux/mpi/intel64/libfabric/lib -L/opt/intel/compilers_and_libraries_2019.4.243/linux/ipp/lib/intel64 -L/opt/intel/compilers_and_libraries_2019.4.243/linux/compiler/lib/intel64_lin -L/opt/intel/compilers_and_libraries_2019.4.243/linux/mkl/lib/intel64_lin -L/opt/intel/compilers_and_libraries_2019.4.243/linux/tbb/lib/intel64/gcc4.7 -L/opt/intel/compilers_and_libraries_2019.4.243/linux/tbb/lib/intel64/gcc4.7 -L/opt/intel/compilers_and_libraries_2019.4.243/linux/daal/lib/intel64_lin -L/opt/intel/compilers_and_libraries_2019.4.243/linux/daal/../tbb/lib/intel64_lin/gcc4.4 -L/opt/intel/compilers_and_libraries_2019.4.243/linux/compiler/lib/intel64_lin -L/home/yshen/Library/Fortran-Library/lib/../lib/ -L/opt/intel/compilers_and_libraries_2019.4.243/linux/mpi/intel64/libfabric/lib/../lib/ -L/usr/lib/gcc/x86_64-linux-gnu/7/ -L/usr/lib/gcc/x86_64-linux-gnu/7/../../../x86_64-linux-gnu/ -L/usr/lib/gcc/x86_64-linux-gnu/7/../../../../lib/ -L/lib/x86_64-linux-gnu/ -L/lib/../lib64 -L/lib/../lib/ -L/usr/lib/x86_64-linux-gnu/ -L/usr/lib/../lib/ -L/home/yshen/Library/Fortran-Library/lib/ -L/opt/intel/compilers_and_libraries_2019.4.243/linux/mpi/intel64/libfabric/lib/ -L/opt/intel/compilers_and_libraries_2019.4.243/linux/ipp/lib/intel64/ -L/opt/intel/compilers_and_libraries_2019.4.243/linux/compiler/lib/intel64_lin/ -L/opt/intel/compilers_and_libraries_2019.4.243/linux/mkl/lib/intel64_lin/ -L/opt/intel/compilers_and_libraries_2019.4.243/linux/tbb/lib/intel64/gcc4.7/ -L/opt/intel/compilers_and_libraries_2019.4.243/linux/daal/lib/intel64_lin/ -L/opt/intel/compilers_and_libraries_2019.4.243/linux/daal/../tbb/lib/intel64_lin/gcc4.4/ -L/usr/lib/gcc/x86_64-linux-gnu/7/../../../ -L/lib64 -L/lib/ -L/usr/lib -L/usr/lib/i386-linux-gnu CMakeFiles/cmTC_22f51.dir/CMakeCXXCompilerABI.cpp.o -Bdynamic -Bstatic -limf -lsvml -lirng -Bdynamic -lstdc++ -lm -Bstatic -lipgo -ldecimal --as-needed -Bdynamic -lcilkrts --no-as-needed -lstdc++ -lgcc -lgcc_s -Bstatic -lirc -lsvml -Bdynamic -lc -lgcc -lgcc_s -Bstatic -lirc_s -Bdynamic -ldl -lc /usr/lib/gcc/x86_64-linux-gnu/7/crtendS.o /usr/lib/gcc/x86_64-linux-gnu/7/../../../x86_64-linux-gnu/crtn.o]
    arg [ld] ==> ignore
    arg [/usr/lib/gcc/x86_64-linux-gnu/7/../../../x86_64-linux-gnu/Scrt1.o] ==> ignore
    arg [/usr/lib/gcc/x86_64-linux-gnu/7/../../../x86_64-linux-gnu/crti.o] ==> ignore
    arg [/usr/lib/gcc/x86_64-linux-gnu/7/crtbeginS.o] ==> ignore
    arg [-export-dynamic] ==> ignore
    arg [--eh-frame-hdr] ==> ignore
    arg [--build-id] ==> ignore
    arg [-dynamic-linker] ==> ignore
    arg [/lib64/ld-linux-x86-64.so.2] ==> ignore
    arg [-m] ==> ignore
    arg [elf_x86_64] ==> ignore
    arg [-o] ==> ignore
    arg [cmTC_22f51] ==> ignore
    arg [-L/home/yshen/Library/Fortran-Library/lib] ==> dir [/home/yshen/Library/Fortran-Library/lib]
    arg [-L/opt/intel/compilers_and_libraries_2019.4.243/linux/mpi/intel64/libfabric/lib] ==> dir [/opt/intel/compilers_and_libraries_2019.4.243/linux/mpi/intel64/libfabric/lib]
    arg [-L/opt/intel/compilers_and_libraries_2019.4.243/linux/ipp/lib/intel64] ==> dir [/opt/intel/compilers_and_libraries_2019.4.243/linux/ipp/lib/intel64]
    arg [-L/opt/intel/compilers_and_libraries_2019.4.243/linux/compiler/lib/intel64_lin] ==> dir [/opt/intel/compilers_and_libraries_2019.4.243/linux/compiler/lib/intel64_lin]
    arg [-L/opt/intel/compilers_and_libraries_2019.4.243/linux/mkl/lib/intel64_lin] ==> dir [/opt/intel/compilers_and_libraries_2019.4.243/linux/mkl/lib/intel64_lin]
    arg [-L/opt/intel/compilers_and_libraries_2019.4.243/linux/tbb/lib/intel64/gcc4.7] ==> dir [/opt/intel/compilers_and_libraries_2019.4.243/linux/tbb/lib/intel64/gcc4.7]
    arg [-L/opt/intel/compilers_and_libraries_2019.4.243/linux/tbb/lib/intel64/gcc4.7] ==> dir [/opt/intel/compilers_and_libraries_2019.4.243/linux/tbb/lib/intel64/gcc4.7]
    arg [-L/opt/intel/compilers_and_libraries_2019.4.243/linux/daal/lib/intel64_lin] ==> dir [/opt/intel/compilers_and_libraries_2019.4.243/linux/daal/lib/intel64_lin]
    arg [-L/opt/intel/compilers_and_libraries_2019.4.243/linux/daal/../tbb/lib/intel64_lin/gcc4.4] ==> dir [/opt/intel/compilers_and_libraries_2019.4.243/linux/daal/../tbb/lib/intel64_lin/gcc4.4]
    arg [-L/opt/intel/compilers_and_libraries_2019.4.243/linux/compiler/lib/intel64_lin] ==> dir [/opt/intel/compilers_and_libraries_2019.4.243/linux/compiler/lib/intel64_lin]
    arg [-L/home/yshen/Library/Fortran-Library/lib/../lib/] ==> dir [/home/yshen/Library/Fortran-Library/lib/../lib/]
    arg [-L/opt/intel/compilers_and_libraries_2019.4.243/linux/mpi/intel64/libfabric/lib/../lib/] ==> dir [/opt/intel/compilers_and_libraries_2019.4.243/linux/mpi/intel64/libfabric/lib/../lib/]
    arg [-L/usr/lib/gcc/x86_64-linux-gnu/7/] ==> dir [/usr/lib/gcc/x86_64-linux-gnu/7/]
    arg [-L/usr/lib/gcc/x86_64-linux-gnu/7/../../../x86_64-linux-gnu/] ==> dir [/usr/lib/gcc/x86_64-linux-gnu/7/../../../x86_64-linux-gnu/]
    arg [-L/usr/lib/gcc/x86_64-linux-gnu/7/../../../../lib/] ==> dir [/usr/lib/gcc/x86_64-linux-gnu/7/../../../../lib/]
    arg [-L/lib/x86_64-linux-gnu/] ==> dir [/lib/x86_64-linux-gnu/]
    arg [-L/lib/../lib64] ==> dir [/lib/../lib64]
    arg [-L/lib/../lib/] ==> dir [/lib/../lib/]
    arg [-L/usr/lib/x86_64-linux-gnu/] ==> dir [/usr/lib/x86_64-linux-gnu/]
    arg [-L/usr/lib/../lib/] ==> dir [/usr/lib/../lib/]
    arg [-L/home/yshen/Library/Fortran-Library/lib/] ==> dir [/home/yshen/Library/Fortran-Library/lib/]
    arg [-L/opt/intel/compilers_and_libraries_2019.4.243/linux/mpi/intel64/libfabric/lib/] ==> dir [/opt/intel/compilers_and_libraries_2019.4.243/linux/mpi/intel64/libfabric/lib/]
    arg [-L/opt/intel/compilers_and_libraries_2019.4.243/linux/ipp/lib/intel64/] ==> dir [/opt/intel/compilers_and_libraries_2019.4.243/linux/ipp/lib/intel64/]
    arg [-L/opt/intel/compilers_and_libraries_2019.4.243/linux/compiler/lib/intel64_lin/] ==> dir [/opt/intel/compilers_and_libraries_2019.4.243/linux/compiler/lib/intel64_lin/]
    arg [-L/opt/intel/compilers_and_libraries_2019.4.243/linux/mkl/lib/intel64_lin/] ==> dir [/opt/intel/compilers_and_libraries_2019.4.243/linux/mkl/lib/intel64_lin/]
    arg [-L/opt/intel/compilers_and_libraries_2019.4.243/linux/tbb/lib/intel64/gcc4.7/] ==> dir [/opt/intel/compilers_and_libraries_2019.4.243/linux/tbb/lib/intel64/gcc4.7/]
    arg [-L/opt/intel/compilers_and_libraries_2019.4.243/linux/daal/lib/intel64_lin/] ==> dir [/opt/intel/compilers_and_libraries_2019.4.243/linux/daal/lib/intel64_lin/]
    arg [-L/opt/intel/compilers_and_libraries_2019.4.243/linux/daal/../tbb/lib/intel64_lin/gcc4.4/] ==> dir [/opt/intel/compilers_and_libraries_2019.4.243/linux/daal/../tbb/lib/intel64_lin/gcc4.4/]
    arg [-L/usr/lib/gcc/x86_64-linux-gnu/7/../../../] ==> dir [/usr/lib/gcc/x86_64-linux-gnu/7/../../../]
    arg [-L/lib64] ==> dir [/lib64]
    arg [-L/lib/] ==> dir [/lib/]
    arg [-L/usr/lib] ==> dir [/usr/lib]
    arg [-L/usr/lib/i386-linux-gnu] ==> dir [/usr/lib/i386-linux-gnu]
    arg [CMakeFiles/cmTC_22f51.dir/CMakeCXXCompilerABI.cpp.o] ==> ignore
    arg [-Bdynamic] ==> ignore
    arg [-Bstatic] ==> ignore
    arg [-limf] ==> lib [imf]
    arg [-lsvml] ==> lib [svml]
    arg [-lirng] ==> lib [irng]
    arg [-Bdynamic] ==> ignore
    arg [-lstdc++] ==> lib [stdc++]
    arg [-lm] ==> lib [m]
    arg [-Bstatic] ==> ignore
    arg [-lipgo] ==> lib [ipgo]
    arg [-ldecimal] ==> lib [decimal]
    arg [--as-needed] ==> ignore
    arg [-Bdynamic] ==> ignore
    arg [-lcilkrts] ==> lib [cilkrts]
    arg [--no-as-needed] ==> ignore
    arg [-lstdc++] ==> lib [stdc++]
    arg [-lgcc] ==> lib [gcc]
    arg [-lgcc_s] ==> lib [gcc_s]
    arg [-Bstatic] ==> ignore
    arg [-lirc] ==> lib [irc]
    arg [-lsvml] ==> lib [svml]
    arg [-Bdynamic] ==> ignore
    arg [-lc] ==> lib [c]
    arg [-lgcc] ==> lib [gcc]
    arg [-lgcc_s] ==> lib [gcc_s]
    arg [-Bstatic] ==> ignore
    arg [-lirc_s] ==> lib [irc_s]
    arg [-Bdynamic] ==> ignore
    arg [-ldl] ==> lib [dl]
    arg [-lc] ==> lib [c]
    arg [/usr/lib/gcc/x86_64-linux-gnu/7/crtendS.o] ==> ignore
    arg [/usr/lib/gcc/x86_64-linux-gnu/7/../../../x86_64-linux-gnu/crtn.o] ==> ignore
  collapse library dir [/home/yshen/Library/Fortran-Library/lib] ==> [/home/yshen/Library/Fortran-Library/lib]
  collapse library dir [/opt/intel/compilers_and_libraries_2019.4.243/linux/mpi/intel64/libfabric/lib] ==> [/opt/intel/compilers_and_libraries_2019.4.243/linux/mpi/intel64/libfabric/lib]
  collapse library dir [/opt/intel/compilers_and_libraries_2019.4.243/linux/ipp/lib/intel64] ==> [/opt/intel/compilers_and_libraries_2019.4.243/linux/ipp/lib/intel64]
  collapse library dir [/opt/intel/compilers_and_libraries_2019.4.243/linux/compiler/lib/intel64_lin] ==> [/opt/intel/compilers_and_libraries_2019.4.243/linux/compiler/lib/intel64_lin]
  collapse library dir [/opt/intel/compilers_and_libraries_2019.4.243/linux/mkl/lib/intel64_lin] ==> [/opt/intel/compilers_and_libraries_2019.4.243/linux/mkl/lib/intel64_lin]
  collapse library dir [/opt/intel/compilers_and_libraries_2019.4.243/linux/tbb/lib/intel64/gcc4.7] ==> [/opt/intel/compilers_and_libraries_2019.4.243/linux/tbb/lib/intel64/gcc4.7]
  collapse library dir [/opt/intel/compilers_and_libraries_2019.4.243/linux/tbb/lib/intel64/gcc4.7] ==> [/opt/intel/compilers_and_libraries_2019.4.243/linux/tbb/lib/intel64/gcc4.7]
  collapse library dir [/opt/intel/compilers_and_libraries_2019.4.243/linux/daal/lib/intel64_lin] ==> [/opt/intel/compilers_and_libraries_2019.4.243/linux/daal/lib/intel64_lin]
  collapse library dir [/opt/intel/compilers_and_libraries_2019.4.243/linux/daal/../tbb/lib/intel64_lin/gcc4.4] ==> [/opt/intel/compilers_and_libraries_2019.4.243/linux/tbb/lib/intel64_lin/gcc4.4]
  collapse library dir [/opt/intel/compilers_and_libraries_2019.4.243/linux/compiler/lib/intel64_lin] ==> [/opt/intel/compilers_and_libraries_2019.4.243/linux/compiler/lib/intel64_lin]
  collapse library dir [/home/yshen/Library/Fortran-Library/lib/../lib/] ==> [/home/yshen/Library/Fortran-Library/lib]
  collapse library dir [/opt/intel/compilers_and_libraries_2019.4.243/linux/mpi/intel64/libfabric/lib/../lib/] ==> [/opt/intel/compilers_and_libraries_2019.4.243/linux/mpi/intel64/libfabric/lib]
  collapse library dir [/usr/lib/gcc/x86_64-linux-gnu/7/] ==> [/usr/lib/gcc/x86_64-linux-gnu/7]
  collapse library dir [/usr/lib/gcc/x86_64-linux-gnu/7/../../../x86_64-linux-gnu/] ==> [/usr/lib/x86_64-linux-gnu]
  collapse library dir [/usr/lib/gcc/x86_64-linux-gnu/7/../../../../lib/] ==> [/usr/lib]
  collapse library dir [/lib/x86_64-linux-gnu/] ==> [/lib/x86_64-linux-gnu]
  collapse library dir [/lib/../lib64] ==> [/lib64]
  collapse library dir [/lib/../lib/] ==> [/lib]
  collapse library dir [/usr/lib/x86_64-linux-gnu/] ==> [/usr/lib/x86_64-linux-gnu]
  collapse library dir [/usr/lib/../lib/] ==> [/usr/lib]
  collapse library dir [/home/yshen/Library/Fortran-Library/lib/] ==> [/home/yshen/Library/Fortran-Library/lib]
  collapse library dir [/opt/intel/compilers_and_libraries_2019.4.243/linux/mpi/intel64/libfabric/lib/] ==> [/opt/intel/compilers_and_libraries_2019.4.243/linux/mpi/intel64/libfabric/lib]
  collapse library dir [/opt/intel/compilers_and_libraries_2019.4.243/linux/ipp/lib/intel64/] ==> [/opt/intel/compilers_and_libraries_2019.4.243/linux/ipp/lib/intel64]
  collapse library dir [/opt/intel/compilers_and_libraries_2019.4.243/linux/compiler/lib/intel64_lin/] ==> [/opt/intel/compilers_and_libraries_2019.4.243/linux/compiler/lib/intel64_lin]
  collapse library dir [/opt/intel/compilers_and_libraries_2019.4.243/linux/mkl/lib/intel64_lin/] ==> [/opt/intel/compilers_and_libraries_2019.4.243/linux/mkl/lib/intel64_lin]
  collapse library dir [/opt/intel/compilers_and_libraries_2019.4.243/linux/tbb/lib/intel64/gcc4.7/] ==> [/opt/intel/compilers_and_libraries_2019.4.243/linux/tbb/lib/intel64/gcc4.7]
  collapse library dir [/opt/intel/compilers_and_libraries_2019.4.243/linux/daal/lib/intel64_lin/] ==> [/opt/intel/compilers_and_libraries_2019.4.243/linux/daal/lib/intel64_lin]
  collapse library dir [/opt/intel/compilers_and_libraries_2019.4.243/linux/daal/../tbb/lib/intel64_lin/gcc4.4/] ==> [/opt/intel/compilers_and_libraries_2019.4.243/linux/tbb/lib/intel64_lin/gcc4.4]
  collapse library dir [/usr/lib/gcc/x86_64-linux-gnu/7/../../../] ==> [/usr/lib]
  collapse library dir [/lib64] ==> [/lib64]
  collapse library dir [/lib/] ==> [/lib]
  collapse library dir [/usr/lib] ==> [/usr/lib]
  collapse library dir [/usr/lib/i386-linux-gnu] ==> [/usr/lib/i386-linux-gnu]
  implicit libs: [imf;svml;irng;stdc++;m;ipgo;decimal;cilkrts;stdc++;gcc;gcc_s;irc;svml;c;gcc;gcc_s;irc_s;dl;c]
  implicit dirs: [/home/yshen/Library/Fortran-Library/lib;/opt/intel/compilers_and_libraries_2019.4.243/linux/mpi/intel64/libfabric/lib;/opt/intel/compilers_and_libraries_2019.4.243/linux/ipp/lib/intel64;/opt/intel/compilers_and_libraries_2019.4.243/linux/compiler/lib/intel64_lin;/opt/intel/compilers_and_libraries_2019.4.243/linux/mkl/lib/intel64_lin;/opt/intel/compilers_and_libraries_2019.4.243/linux/tbb/lib/intel64/gcc4.7;/opt/intel/compilers_and_libraries_2019.4.243/linux/daal/lib/intel64_lin;/opt/intel/compilers_and_libraries_2019.4.243/linux/tbb/lib/intel64_lin/gcc4.4;/usr/lib/gcc/x86_64-linux-gnu/7;/usr/lib/x86_64-linux-gnu;/usr/lib;/lib/x86_64-linux-gnu;/lib64;/lib;/usr/lib/i386-linux-gnu]
  implicit fwks: []




Detecting CXX [-std=c++14] compiler features compiled with the following output:
Change Dir: /home/yshen/Software/Mine/diabatz/tools/gh/v0/CMakeFiles/CMakeTmp

Run Build Command:"/usr/bin/make" "cmTC_733c4/fast"
/usr/bin/make -f CMakeFiles/cmTC_733c4.dir/build.make CMakeFiles/cmTC_733c4.dir/build
make[1]: Entering directory '/home/yshen/Software/Mine/diabatz/tools/gh/v0/CMakeFiles/CMakeTmp'
Building CXX object CMakeFiles/cmTC_733c4.dir/feature_tests.cxx.o
/opt/intel/compilers_and_libraries_2019.4.243/linux/bin/intel64/icpc    -std=c++14 -o CMakeFiles/cmTC_733c4.dir/feature_tests.cxx.o -c /home/yshen/Software/Mine/diabatz/tools/gh/v0/CMakeFiles/feature_tests.cxx
Linking CXX executable cmTC_733c4
/usr/bin/cmake -E cmake_link_script CMakeFiles/cmTC_733c4.dir/link.txt --verbose=1
/opt/intel/compilers_and_libraries_2019.4.243/linux/bin/intel64/icpc       -rdynamic CMakeFiles/cmTC_733c4.dir/feature_tests.cxx.o  -o cmTC_733c4 
make[1]: Leaving directory '/home/yshen/Software/Mine/diabatz/tools/gh/v0/CMakeFiles/CMakeTmp'


    Feature record: CXX_FEATURE:1cxx_aggregate_default_initializers
    Feature record: CXX_FEATURE:1cxx_alias_templates
    Feature record: CXX_FEATURE:1cxx_alignas
    Feature record: CXX_FEATURE:1cxx_alignof
    Feature record: CXX_FEATURE:1cxx_attributes
    Feature record: CXX_FEATURE:1cxx_attribute_deprecated
    Feature record: CXX_FEATURE:1cxx_auto_type
    Feature record: CXX_FEATURE:1cxx_binary_literals
    Feature record: CXX_FEATURE:1cxx_constexpr
    Feature record: CXX_FEATURE:1cxx_contextual_conversions
    Feature record: CXX_FEATURE:1cxx_decltype
    Feature record: CXX_FEATURE:1cxx_decltype_auto
    Feature record: CXX_FEATURE:1cxx_decltype_incomplete_return_types
    Feature record: CXX_FEATURE:1cxx_default_function_template_args
    Feature record: CXX_FEATURE:1cxx_defaulted_functions
    Feature record: CXX_FEATURE:1cxx_defaulted_move_initializers
    Feature record: CXX_FEATURE:1cxx_delegating_constructors
    Feature record: CXX_FEATURE:1cxx_deleted_functions
    Feature record: CXX_FEATURE:1cxx_digit_separators
    Feature record: CXX_FEATURE:1cxx_enum_forward_declarations
    Feature record: CXX_FEATURE:1cxx_explicit_conversions
    Feature record: CXX_FEATURE:1cxx_extended_friend_declarations
    Feature record: CXX_FEATURE:1cxx_extern_templates
    Feature record: CXX_FEATURE:1cxx_final
    Feature record: CXX_FEATURE:1cxx_func_identifier
    Feature record: CXX_FEATURE:1cxx_generic_lambdas
    Feature record: CXX_FEATURE:1cxx_inheriting_constructors
    Feature record: CXX_FEATURE:1cxx_inline_namespaces
    Feature record: CXX_FEATURE:1cxx_lambdas
    Feature record: CXX_FEATURE:1cxx_lambda_init_captures
    Feature record: CXX_FEATURE:1cxx_local_type_template_args
    Feature record: CXX_FEATURE:1cxx_long_long_type
    Feature record: CXX_FEATURE:1cxx_noexcept
    Feature record: CXX_FEATURE:1cxx_nonstatic_member_init
    Feature record: CXX_FEATURE:1cxx_nullptr
    Feature record: CXX_FEATURE:1cxx_override
    Feature record: CXX_FEATURE:1cxx_range_for
    Feature record: CXX_FEATURE:1cxx_raw_string_literals
    Feature record: CXX_FEATURE:1cxx_reference_qualified_functions
    Feature record: CXX_FEATURE:1cxx_relaxed_constexpr
    Feature record: CXX_FEATURE:1cxx_return_type_deduction
    Feature record: CXX_FEATURE:1cxx_right_angle_brackets
    Feature record: CXX_FEATURE:1cxx_rvalue_references
    Feature record: CXX_FEATURE:1cxx_sizeof_member
    Feature record: CXX_FEATURE:1cxx_static_assert
    Feature record: CXX_FEATURE:1cxx_strong_enums
    Feature record: CXX_FEATURE:1cxx_template_template_parameters
    Feature record: CXX_FEATURE:1cxx_thread_local
    Feature record: CXX_FEATURE:1cxx_trailing_return_types
    Feature record: CXX_FEATURE:1cxx_unicode_literals
    Feature record: CXX_FEATURE:1cxx_uniform_initialization
    Feature record: CXX_FEATURE:1cxx_unrestricted_unions
    Feature record: CXX_FEATURE:1cxx_user_literals
    Feature record: CXX_FEATURE:1cxx_variable_templates
    Feature record: CXX_FEATURE:1cxx_variadic_macros
    Feature record: CXX_FEATURE:1cxx_variadic_templates


Detecting CXX [-std=c++11] compiler features compiled with the following output:
Change Dir: /home/yshen/Software/Mine/diabatz/tools/gh/v0/CMakeFiles/CMakeTmp

Run Build Command:"/usr/bin/make" "cmTC_4255b/fast"
/usr/bin/make -f CMakeFiles/cmTC_4255b.dir/build.make CMakeFiles/cmTC_4255b.dir/build
make[1]: Entering directory '/home/yshen/Software/Mine/diabatz/tools/gh/v0/CMakeFiles/CMakeTmp'
Building CXX object CMakeFiles/cmTC_4255b.dir/feature_tests.cxx.o
/opt/intel/compilers_and_libraries_2019.4.243/linux/bin/intel64/icpc    -std=c++11 -o CMakeFiles/cmTC_4255b.dir/feature_tests.cxx.o -c /home/yshen/Software/Mine/diabatz/tools/gh/v0/CMakeFiles/feature_tests.cxx
Linking CXX executable cmTC_4255b
/usr/bin/cmake -E cmake_link_script CMakeFiles/cmTC_4255b.dir/link.txt --verbose=1
/opt/intel/compilers_and_libraries_2019.4.243/linux/bin/intel64/icpc       -rdynamic CMakeFiles/cmTC_4255b.dir/feature_tests.cxx.o  -o cmTC_4255b 
make[1]: Leaving directory '/home/yshen/Software/Mine/diabatz/tools/gh/v0/CMakeFiles/CMakeTmp'


    Feature record: CXX_FEATURE:0cxx_aggregate_default_initializers
    Feature record: CXX_FEATURE:1cxx_alias_templates
    Feature record: CXX_FEATURE:1cxx_alignas
    Feature record: CXX_FEATURE:1cxx_alignof
    Feature record: CXX_FEATURE:1cxx_attributes
    Feature record: CXX_FEATURE:0cxx_attribute_deprecated
    Feature record: CXX_FEATURE:1cxx_auto_type
    Feature record: CXX_FEATURE:1cxx_binary_literals
    Feature record: CXX_FEATURE:1cxx_constexpr
    Feature record: CXX_FEATURE:0cxx_contextual_conversions
    Feature record: CXX_FEATURE:1cxx_decltype
    Feature record: CXX_FEATURE:0cxx_decltype_auto
    Feature record: CXX_FEATURE:1cxx_decltype_incomplete_return_types
    Feature record: CXX_FEATURE:1cxx_default_function_template_args
    Feature record: CXX_FEATURE:1cxx_defaulted_functions
    Feature record: CXX_FEATURE:1cxx_defaulted_move_initializers
    Feature record: CXX_FEATURE:1cxx_delegating_constructors
    Feature record: CXX_FEATURE:1cxx_deleted_functions
    Feature record: CXX_FEATURE:0cxx_digit_separators
    Feature record: CXX_FEATURE:1cxx_enum_forward_declarations
    Feature record: CXX_FEATURE:1cxx_explicit_conversions
    Feature record: CXX_FEATURE:1cxx_extended_friend_declarations
    Feature record: CXX_FEATURE:1cxx_extern_templates
    Feature record: CXX_FEATURE:1cxx_final
    Feature record: CXX_FEATURE:1cxx_func_identifier
    Feature record: CXX_FEATURE:0cxx_generic_lambdas
    Feature record: CXX_FEATURE:1cxx_inheriting_constructors
    Feature record: CXX_FEATURE:1cxx_inline_namespaces
    Feature record: CXX_FEATURE:1cxx_lambdas
    Feature record: CXX_FEATURE:0cxx_lambda_init_captures
    Feature record: CXX_FEATURE:1cxx_local_type_template_args
    Feature record: CXX_FEATURE:1cxx_long_long_type
    Feature record: CXX_FEATURE:1cxx_noexcept
    Feature record: CXX_FEATURE:1cxx_nonstatic_member_init
    Feature record: CXX_FEATURE:1cxx_nullptr
    Feature record: CXX_FEATURE:1cxx_override
    Feature record: CXX_FEATURE:1cxx_range_for
    Feature record: CXX_FEATURE:1cxx_raw_string_literals
    Feature record: CXX_FEATURE:1cxx_reference_qualified_functions
    Feature record: CXX_FEATURE:0cxx_relaxed_constexpr
    Feature record: CXX_FEATURE:0cxx_return_type_deduction
    Feature record: CXX_FEATURE:1cxx_right_angle_brackets
    Feature record: CXX_FEATURE:1cxx_rvalue_references
    Feature record: CXX_FEATURE:1cxx_sizeof_member
    Feature record: CXX_FEATURE:1cxx_static_assert
    Feature record: CXX_FEATURE:1cxx_strong_enums
    Feature record: CXX_FEATURE:1cxx_template_template_parameters
    Feature record: CXX_FEATURE:1cxx_thread_local
    Feature record: CXX_FEATURE:1cxx_trailing_return_types
    Feature record: CXX_FEATURE:1cxx_unicode_literals
    Feature record: CXX_FEATURE:1cxx_uniform_initialization
    Feature record: CXX_FEATURE:1cxx_unrestricted_unions
    Feature record: CXX_FEATURE:1cxx_user_literals
    Feature record: CXX_FEATURE:0cxx_variable_templates
    Feature record: CXX_FEATURE:1cxx_variadic_macros
    Feature record: CXX_FEATURE:1cxx_variadic_templates


Detecting CXX [-std=c++98] compiler features compiled with the following output:
Change Dir: /home/yshen/Software/Mine/diabatz/tools/gh/v0/CMakeFiles/CMakeTmp

Run Build Command:"/usr/bin/make" "cmTC_b1fee/fast"
/usr/bin/make -f CMakeFiles/cmTC_b1fee.dir/build.make CMakeFiles/cmTC_b1fee.dir/build
make[1]: Entering directory '/home/yshen/Software/Mine/diabatz/tools/gh/v0/CMakeFiles/CMakeTmp'
Building CXX object CMakeFiles/cmTC_b1fee.dir/feature_tests.cxx.o
/opt/intel/compilers_and_libraries_2019.4.243/linux/bin/intel64/icpc    -std=c++98 -o CMakeFiles/cmTC_b1fee.dir/feature_tests.cxx.o -c /home/yshen/Software/Mine/diabatz/tools/gh/v0/CMakeFiles/feature_tests.cxx
Linking CXX executable cmTC_b1fee
/usr/bin/cmake -E cmake_link_script CMakeFiles/cmTC_b1fee.dir/link.txt --verbose=1
/opt/intel/compilers_and_libraries_2019.4.243/linux/bin/intel64/icpc       -rdynamic CMakeFiles/cmTC_b1fee.dir/feature_tests.cxx.o  -o cmTC_b1fee 
make[1]: Leaving directory '/home/yshen/Software/Mine/diabatz/tools/gh/v0/CMakeFiles/CMakeTmp'


    Feature record: CXX_FEATURE:0cxx_aggregate_default_initializers
    Feature record: CXX_FEATURE:0cxx_alias_templates
    Feature record: CXX_FEATURE:0cxx_alignas
    Feature record: CXX_FEATURE:0cxx_alignof
    Feature record: CXX_FEATURE:0cxx_attributes
    Feature record: CXX_FEATURE:0cxx_attribute_deprecated
    Feature record: CXX_FEATURE:0cxx_auto_type
    Feature record: CXX_FEATURE:1cxx_binary_literals
    Feature record: CXX_FEATURE:0cxx_constexpr
    Feature record: CXX_FEATURE:0cxx_contextual_conversions
    Feature record: CXX_FEATURE:0cxx_decltype
    Feature record: CXX_FEATURE:0cxx_decltype_auto
    Feature record: CXX_FEATURE:0cxx_decltype_incomplete_return_types
    Feature record: CXX_FEATURE:0cxx_default_function_template_args
    Feature record: CXX_FEATURE:0cxx_defaulted_functions
    Feature record: CXX_FEATURE:0cxx_defaulted_move_initializers
    Feature record: CXX_FEATURE:0cxx_delegating_constructors
    Feature record: CXX_FEATURE:0cxx_deleted_functions
    Feature record: CXX_FEATURE:0cxx_digit_separators
    Feature record: CXX_FEATURE:0cxx_enum_forward_declarations
    Feature record: CXX_FEATURE:0cxx_explicit_conversions
    Feature record: CXX_FEATURE:0cxx_extended_friend_declarations
    Feature record: CXX_FEATURE:0cxx_extern_templates
    Feature record: CXX_FEATURE:0cxx_final
    Feature record: CXX_FEATURE:0cxx_func_identifier
    Feature record: CXX_FEATURE:0cxx_generic_lambdas
    Feature record: CXX_FEATURE:0cxx_inheriting_constructors
    Feature record: CXX_FEATURE:0cxx_inline_namespaces
    Feature record: CXX_FEATURE:0cxx_lambdas
    Feature record: CXX_FEATURE:0cxx_lambda_init_captures
    Feature record: CXX_FEATURE:0cxx_local_type_template_args
    Feature record: CXX_FEATURE:0cxx_long_long_type
    Feature record: CXX_FEATURE:0cxx_noexcept
    Feature record: CXX_FEATURE:0cxx_nonstatic_member_init
    Feature record: CXX_FEATURE:0cxx_nullptr
    Feature record: CXX_FEATURE:0cxx_override
    Feature record: CXX_FEATURE:0cxx_range_for
    Feature record: CXX_FEATURE:0cxx_raw_string_literals
    Feature record: CXX_FEATURE:0cxx_reference_qualified_functions
    Feature record: CXX_FEATURE:0cxx_relaxed_constexpr
    Feature record: CXX_FEATURE:0cxx_return_type_deduction
    Feature record: CXX_FEATURE:0cxx_right_angle_brackets
    Feature record: CXX_FEATURE:0cxx_rvalue_references
    Feature record: CXX_FEATURE:0cxx_sizeof_member
    Feature record: CXX_FEATURE:0cxx_static_assert
    Feature record: CXX_FEATURE:0cxx_strong_enums
    Feature record: CXX_FEATURE:0cxx_template_template_parameters
    Feature record: CXX_FEATURE:0cxx_thread_local
    Feature record: CXX_FEATURE:0cxx_trailing_return_types
    Feature record: CXX_FEATURE:0cxx_unicode_literals
    Feature record: CXX_FEATURE:0cxx_uniform_initialization
    Feature record: CXX_FEATURE:0cxx_unrestricted_unions
    Feature record: CXX_FEATURE:0cxx_user_literals
    Feature record: CXX_FEATURE:0cxx_variable_templates
    Feature record: CXX_FEATURE:0cxx_variadic_macros
    Feature record: CXX_FEATURE:0cxx_variadic_templates
Determining if the include file pthread.h exists passed with the following output:
Change Dir: /home/yshen/Software/Mine/diabatz/tools/gh/v0/CMakeFiles/CMakeTmp

Run Build Command:"/usr/bin/make" "cmTC_115ed/fast"
/usr/bin/make -f CMakeFiles/cmTC_115ed.dir/build.make CMakeFiles/cmTC_115ed.dir/build
make[1]: Entering directory '/home/yshen/Software/Mine/diabatz/tools/gh/v0/CMakeFiles/CMakeTmp'
Building C object CMakeFiles/cmTC_115ed.dir/CheckIncludeFile.c.o
/opt/intel/compilers_and_libraries_2019.4.243/linux/bin/intel64/icc    -o CMakeFiles/cmTC_115ed.dir/CheckIncludeFile.c.o   -c /home/yshen/Software/Mine/diabatz/tools/gh/v0/CMakeFiles/CMakeTmp/CheckIncludeFile.c
Linking C executable cmTC_115ed
/usr/bin/cmake -E cmake_link_script CMakeFiles/cmTC_115ed.dir/link.txt --verbose=1
/opt/intel/compilers_and_libraries_2019.4.243/linux/bin/intel64/icc      -rdynamic CMakeFiles/cmTC_115ed.dir/CheckIncludeFile.c.o  -o cmTC_115ed 
make[1]: Leaving directory '/home/yshen/Software/Mine/diabatz/tools/gh/v0/CMakeFiles/CMakeTmp'


Determining if the function pthread_create exists in the pthread passed with the following output:
Change Dir: /home/yshen/Software/Mine/diabatz/tools/gh/v0/CMakeFiles/CMakeTmp

Run Build Command:"/usr/bin/make" "cmTC_963f6/fast"
/usr/bin/make -f CMakeFiles/cmTC_963f6.dir/build.make CMakeFiles/cmTC_963f6.dir/build
make[1]: Entering directory '/home/yshen/Software/Mine/diabatz/tools/gh/v0/CMakeFiles/CMakeTmp'
Building C object CMakeFiles/cmTC_963f6.dir/CheckFunctionExists.c.o
/opt/intel/compilers_and_libraries_2019.4.243/linux/bin/intel64/icc   -DCHECK_FUNCTION_EXISTS=pthread_create   -o CMakeFiles/cmTC_963f6.dir/CheckFunctionExists.c.o   -c /usr/share/cmake-3.10/Modules/CheckFunctionExists.c
Linking C executable cmTC_963f6
/usr/bin/cmake -E cmake_link_script CMakeFiles/cmTC_963f6.dir/link.txt --verbose=1
/opt/intel/compilers_and_libraries_2019.4.243/linux/bin/intel64/icc  -DCHECK_FUNCTION_EXISTS=pthread_create    -rdynamic CMakeFiles/cmTC_963f6.dir/CheckFunctionExists.c.o  -o cmTC_963f6 -lpthread 
make[1]: Leaving directory '/home/yshen/Software/Mine/diabatz/tools/gh/v0/CMakeFiles/CMakeTmp'


