Determining if the pthread_create exist failed with the following output:
Change Dir: /home/yshen/Software/Mine/diabatz/tools/critics/v0/CMakeFiles/CMakeTmp

Run Build Command:"/usr/bin/make" "cmTC_57f9a/fast"
/usr/bin/make -f CMakeFiles/cmTC_57f9a.dir/build.make CMakeFiles/cmTC_57f9a.dir/build
make[1]: Entering directory '/home/yshen/Software/Mine/diabatz/tools/critics/v0/CMakeFiles/CMakeTmp'
Building C object CMakeFiles/cmTC_57f9a.dir/CheckSymbolExists.c.o
/opt/intel/compilers_and_libraries_2019.4.243/linux/bin/intel64/icc    -o CMakeFiles/cmTC_57f9a.dir/CheckSymbolExists.c.o   -c /home/yshen/Software/Mine/diabatz/tools/critics/v0/CMakeFiles/CMakeTmp/CheckSymbolExists.c
Linking C executable cmTC_57f9a
/usr/bin/cmake -E cmake_link_script CMakeFiles/cmTC_57f9a.dir/link.txt --verbose=1
/opt/intel/compilers_and_libraries_2019.4.243/linux/bin/intel64/icc      -rdynamic CMakeFiles/cmTC_57f9a.dir/CheckSymbolExists.c.o  -o cmTC_57f9a 
CMakeFiles/cmTC_57f9a.dir/CheckSymbolExists.c.o: In function `main':
CheckSymbolExists.c:(.text+0x23): undefined reference to `pthread_create'
CMakeFiles/cmTC_57f9a.dir/build.make:97: recipe for target 'cmTC_57f9a' failed
make[1]: *** [cmTC_57f9a] Error 1
make[1]: Leaving directory '/home/yshen/Software/Mine/diabatz/tools/critics/v0/CMakeFiles/CMakeTmp'
Makefile:126: recipe for target 'cmTC_57f9a/fast' failed
make: *** [cmTC_57f9a/fast] Error 2

File /home/yshen/Software/Mine/diabatz/tools/critics/v0/CMakeFiles/CMakeTmp/CheckSymbolExists.c:
/* */
#include <pthread.h>

int main(int argc, char** argv)
{
  (void)argv;
#ifndef pthread_create
  return ((int*)(&pthread_create))[argc];
#else
  (void)argc;
  return 0;
#endif
}

Determining if the function pthread_create exists in the pthreads failed with the following output:
Change Dir: /home/yshen/Software/Mine/diabatz/tools/critics/v0/CMakeFiles/CMakeTmp

Run Build Command:"/usr/bin/make" "cmTC_653c2/fast"
/usr/bin/make -f CMakeFiles/cmTC_653c2.dir/build.make CMakeFiles/cmTC_653c2.dir/build
make[1]: Entering directory '/home/yshen/Software/Mine/diabatz/tools/critics/v0/CMakeFiles/CMakeTmp'
Building C object CMakeFiles/cmTC_653c2.dir/CheckFunctionExists.c.o
/opt/intel/compilers_and_libraries_2019.4.243/linux/bin/intel64/icc   -DCHECK_FUNCTION_EXISTS=pthread_create   -o CMakeFiles/cmTC_653c2.dir/CheckFunctionExists.c.o   -c /usr/share/cmake-3.10/Modules/CheckFunctionExists.c
Linking C executable cmTC_653c2
/usr/bin/cmake -E cmake_link_script CMakeFiles/cmTC_653c2.dir/link.txt --verbose=1
/opt/intel/compilers_and_libraries_2019.4.243/linux/bin/intel64/icc  -DCHECK_FUNCTION_EXISTS=pthread_create    -rdynamic CMakeFiles/cmTC_653c2.dir/CheckFunctionExists.c.o  -o cmTC_653c2 -lpthreads 
ld: cannot find -lpthreads
CMakeFiles/cmTC_653c2.dir/build.make:97: recipe for target 'cmTC_653c2' failed
make[1]: *** [cmTC_653c2] Error 1
make[1]: Leaving directory '/home/yshen/Software/Mine/diabatz/tools/critics/v0/CMakeFiles/CMakeTmp'
Makefile:126: recipe for target 'cmTC_653c2/fast' failed
make: *** [cmTC_653c2/fast] Error 2


