Determining if the pthread_create exist failed with the following output:
Change Dir: /home/yshen/Software/Mine/diabatz/tools/double-cone/v0/CMakeFiles/CMakeTmp

Run Build Command:"/usr/bin/make" "cmTC_992c6/fast"
/usr/bin/make -f CMakeFiles/cmTC_992c6.dir/build.make CMakeFiles/cmTC_992c6.dir/build
make[1]: Entering directory '/home/yshen/Software/Mine/diabatz/tools/double-cone/v0/CMakeFiles/CMakeTmp'
Building C object CMakeFiles/cmTC_992c6.dir/CheckSymbolExists.c.o
/opt/intel/compilers_and_libraries_2019.4.243/linux/bin/intel64/icc    -o CMakeFiles/cmTC_992c6.dir/CheckSymbolExists.c.o   -c /home/yshen/Software/Mine/diabatz/tools/double-cone/v0/CMakeFiles/CMakeTmp/CheckSymbolExists.c
Linking C executable cmTC_992c6
/usr/bin/cmake -E cmake_link_script CMakeFiles/cmTC_992c6.dir/link.txt --verbose=1
/opt/intel/compilers_and_libraries_2019.4.243/linux/bin/intel64/icc      -rdynamic CMakeFiles/cmTC_992c6.dir/CheckSymbolExists.c.o  -o cmTC_992c6 
CMakeFiles/cmTC_992c6.dir/CheckSymbolExists.c.o: In function `main':
CheckSymbolExists.c:(.text+0x23): undefined reference to `pthread_create'
CMakeFiles/cmTC_992c6.dir/build.make:97: recipe for target 'cmTC_992c6' failed
make[1]: *** [cmTC_992c6] Error 1
make[1]: Leaving directory '/home/yshen/Software/Mine/diabatz/tools/double-cone/v0/CMakeFiles/CMakeTmp'
Makefile:126: recipe for target 'cmTC_992c6/fast' failed
make: *** [cmTC_992c6/fast] Error 2

File /home/yshen/Software/Mine/diabatz/tools/double-cone/v0/CMakeFiles/CMakeTmp/CheckSymbolExists.c:
/* */
#include <pthread.h>

int main(int argc, char** argv)
{
  (void)argv;
#ifndef pthread_create
  return ((int*)(&pthread_create))[argc];
#else
  (void)argc;
  return 0;
#endif
}

Determining if the function pthread_create exists in the pthreads failed with the following output:
Change Dir: /home/yshen/Software/Mine/diabatz/tools/double-cone/v0/CMakeFiles/CMakeTmp

Run Build Command:"/usr/bin/make" "cmTC_494eb/fast"
/usr/bin/make -f CMakeFiles/cmTC_494eb.dir/build.make CMakeFiles/cmTC_494eb.dir/build
make[1]: Entering directory '/home/yshen/Software/Mine/diabatz/tools/double-cone/v0/CMakeFiles/CMakeTmp'
Building C object CMakeFiles/cmTC_494eb.dir/CheckFunctionExists.c.o
/opt/intel/compilers_and_libraries_2019.4.243/linux/bin/intel64/icc   -DCHECK_FUNCTION_EXISTS=pthread_create   -o CMakeFiles/cmTC_494eb.dir/CheckFunctionExists.c.o   -c /usr/share/cmake-3.10/Modules/CheckFunctionExists.c
Linking C executable cmTC_494eb
/usr/bin/cmake -E cmake_link_script CMakeFiles/cmTC_494eb.dir/link.txt --verbose=1
/opt/intel/compilers_and_libraries_2019.4.243/linux/bin/intel64/icc  -DCHECK_FUNCTION_EXISTS=pthread_create    -rdynamic CMakeFiles/cmTC_494eb.dir/CheckFunctionExists.c.o  -o cmTC_494eb -lpthreads 
ld: cannot find -lpthreads
CMakeFiles/cmTC_494eb.dir/build.make:97: recipe for target 'cmTC_494eb' failed
make[1]: *** [cmTC_494eb] Error 1
make[1]: Leaving directory '/home/yshen/Software/Mine/diabatz/tools/double-cone/v0/CMakeFiles/CMakeTmp'
Makefile:126: recipe for target 'cmTC_494eb/fast' failed
make: *** [cmTC_494eb/fast] Error 2


